<?xml version="1.0" encoding="UTF-8"?>
<testsuites tests="2" failures="0" disabled="0" errors="0" time="0.002" timestamp="2026-05-08T06:07:52" name="AllTests">
  <testsuite name="BaseSafetyUtils" tests="2" failures="0" disabled="0" errors="0" time="0" timestamp="2026-05-08T06:07:52">
    <testcase name="BrakeOnTimeout" status="run" result="completed" time="0" timestamp="2026-05-08T06:07:52" classname="robot_base.BaseSafetyUtils" />
    <testcase name="KeepCommandWithoutTimeout" status="run" result="completed" time="0" timestamp="2026-05-08T06:07:52" classname="robot_base.BaseSafetyUtils" />
  </testsuite>
</testsuites>
