Start testing: May 08 06:07 UTC
----------------------------------------------------------
1/7 Testing: test_enroll_gating
1/7 Test: test_enroll_gating
Command: "/usr/bin/python3" "-u" "/opt/ros/humble/share/ament_cmake_test/cmake/run_test.py" "/ws/ros_ws/build/robot_identity/test_results/robot_identity/test_enroll_gating.gtest.xml" "--package-name" "robot_identity" "--output-file" "/ws/ros_ws/build/robot_identity/ament_cmake_gtest/test_enroll_gating.txt" "--command" "/ws/ros_ws/build/robot_identity/test_enroll_gating" "--gtest_output=xml:/ws/ros_ws/build/robot_identity/test_results/robot_identity/test_enroll_gating.gtest.xml"
Directory: /ws/ros_ws/build/robot_identity
"test_enroll_gating" start time: May 08 06:07 UTC
Output:
----------------------------------------------------------
-- run_test.py: invoking following command in '/ws/ros_ws/build/robot_identity':
 - /ws/ros_ws/build/robot_identity/test_enroll_gating --gtest_output=xml:/ws/ros_ws/build/robot_identity/test_results/robot_identity/test_enroll_gating.gtest.xml
Running main() from /opt/ros/humble/src/gtest_vendor/src/gtest_main.cc
[==========] Running 3 tests from 1 test suite.
[----------] Global test environment set-up.
[----------] 3 tests from EnrollPolicy
[ RUN      ] EnrollPolicy.FirstEnrollRequiresPhysicalConfirmWhenConfigured
[       OK ] EnrollPolicy.FirstEnrollRequiresPhysicalConfirmWhenConfigured (0 ms)
[ RUN      ] EnrollPolicy.AllowWhenPhysicalConfirmNotRequiredByRequest
[       OK ] EnrollPolicy.AllowWhenPhysicalConfirmNotRequiredByRequest (0 ms)
[ RUN      ] EnrollPolicy.AllowWhenOwnerAlreadyEnrolled
[       OK ] EnrollPolicy.AllowWhenOwnerAlreadyEnrolled (0 ms)
[----------] 3 tests from EnrollPolicy (0 ms total)

[----------] Global test environment tear-down
[==========] 3 tests from 1 test suite ran. (0 ms total)
[  PASSED  ] 3 tests.
-- run_test.py: return code 0
-- run_test.py: inject classname prefix into gtest result file '/ws/ros_ws/build/robot_identity/test_results/robot_identity/test_enroll_gating.gtest.xml'
-- run_test.py: verify result file '/ws/ros_ws/build/robot_identity/test_results/robot_identity/test_enroll_gating.gtest.xml'
<end of output>
Test time =   0.09 sec
----------------------------------------------------------
Test Passed.
"test_enroll_gating" end time: May 08 06:07 UTC
"test_enroll_gating" time elapsed: 00:00:00
----------------------------------------------------------

2/7 Testing: copyright
2/7 Test: copyright
Command: "/usr/bin/python3" "-u" "/opt/ros/humble/share/ament_cmake_test/cmake/run_test.py" "/ws/ros_ws/build/robot_identity/test_results/robot_identity/copyright.xunit.xml" "--package-name" "robot_identity" "--output-file" "/ws/ros_ws/build/robot_identity/ament_copyright/copyright.txt" "--command" "/opt/ros/humble/bin/ament_copyright" "--xunit-file" "/ws/ros_ws/build/robot_identity/test_results/robot_identity/copyright.xunit.xml"
Directory: /ws/ros_ws/src/robot_identity
"copyright" start time: May 08 06:07 UTC
Output:
----------------------------------------------------------
-- run_test.py: invoking following command in '/ws/ros_ws/src/robot_identity':
 - /opt/ros/humble/bin/ament_copyright --xunit-file /ws/ros_ws/build/robot_identity/test_results/robot_identity/copyright.xunit.xml
No problems found, checked 4 files
-- run_test.py: return code 0
-- run_test.py: verify result file '/ws/ros_ws/build/robot_identity/test_results/robot_identity/copyright.xunit.xml'
<end of output>
Test time =   0.31 sec
----------------------------------------------------------
Test Passed.
"copyright" end time: May 08 06:07 UTC
"copyright" time elapsed: 00:00:00
----------------------------------------------------------

3/7 Testing: cppcheck
3/7 Test: cppcheck
Command: "/usr/bin/python3" "-u" "/opt/ros/humble/share/ament_cmake_test/cmake/run_test.py" "/ws/ros_ws/build/robot_identity/test_results/robot_identity/cppcheck.xunit.xml" "--package-name" "robot_identity" "--output-file" "/ws/ros_ws/build/robot_identity/ament_cppcheck/cppcheck.txt" "--command" "/opt/ros/humble/bin/ament_cppcheck" "--xunit-file" "/ws/ros_ws/build/robot_identity/test_results/robot_identity/cppcheck.xunit.xml" "--include_dirs" "/ws/ros_ws/src/robot_identity/include"
Directory: /ws/ros_ws/src/robot_identity
"cppcheck" start time: May 08 06:07 UTC
Output:
----------------------------------------------------------
-- run_test.py: invoking following command in '/ws/ros_ws/src/robot_identity':
 - /opt/ros/humble/bin/ament_cppcheck --xunit-file /ws/ros_ws/build/robot_identity/test_results/robot_identity/cppcheck.xunit.xml --include_dirs /ws/ros_ws/src/robot_identity/include
cppcheck 2.7 has known performance issues and therefore will not be used, set the AMENT_CPPCHECK_ALLOW_SLOW_VERSIONS environment variable to override this.
-- run_test.py: return code 0
-- run_test.py: verify result file '/ws/ros_ws/build/robot_identity/test_results/robot_identity/cppcheck.xunit.xml'
<end of output>
Test time =   0.20 sec
----------------------------------------------------------
Test Passed.
"cppcheck" end time: May 08 06:07 UTC
"cppcheck" time elapsed: 00:00:00
----------------------------------------------------------

4/7 Testing: cpplint
4/7 Test: cpplint
Command: "/usr/bin/python3" "-u" "/opt/ros/humble/share/ament_cmake_test/cmake/run_test.py" "/ws/ros_ws/build/robot_identity/test_results/robot_identity/cpplint.xunit.xml" "--package-name" "robot_identity" "--output-file" "/ws/ros_ws/build/robot_identity/ament_cpplint/cpplint.txt" "--command" "/opt/ros/humble/bin/ament_cpplint" "--xunit-file" "/ws/ros_ws/build/robot_identity/test_results/robot_identity/cpplint.xunit.xml"
Directory: /ws/ros_ws/src/robot_identity
"cpplint" start time: May 08 06:07 UTC
Output:
----------------------------------------------------------
-- run_test.py: invoking following command in '/ws/ros_ws/src/robot_identity':
 - /opt/ros/humble/bin/ament_cpplint --xunit-file /ws/ros_ws/build/robot_identity/test_results/robot_identity/cpplint.xunit.xml
Using '--root=/ws/ros_ws/src/robot_identity/include' argument

Done processing /ws/ros_ws/src/robot_identity/include/robot_identity/enroll_policy.hpp

Using '--root=/ws/ros_ws/src/robot_identity/src' argument

Done processing /ws/ros_ws/src/robot_identity/src/enroll_policy.cpp

Done processing /ws/ros_ws/src/robot_identity/src/identity_node.cpp

Using '--root=/ws/ros_ws/src/robot_identity/test' argument

Done processing /ws/ros_ws/src/robot_identity/test/test_enroll_gating.cpp

No problems found
-- run_test.py: return code 0
-- run_test.py: verify result file '/ws/ros_ws/build/robot_identity/test_results/robot_identity/cpplint.xunit.xml'
<end of output>
Test time =   0.25 sec
----------------------------------------------------------
Test Passed.
"cpplint" end time: May 08 06:07 UTC
"cpplint" time elapsed: 00:00:00
----------------------------------------------------------

5/7 Testing: lint_cmake
5/7 Test: lint_cmake
Command: "/usr/bin/python3" "-u" "/opt/ros/humble/share/ament_cmake_test/cmake/run_test.py" "/ws/ros_ws/build/robot_identity/test_results/robot_identity/lint_cmake.xunit.xml" "--package-name" "robot_identity" "--output-file" "/ws/ros_ws/build/robot_identity/ament_lint_cmake/lint_cmake.txt" "--command" "/opt/ros/humble/bin/ament_lint_cmake" "--xunit-file" "/ws/ros_ws/build/robot_identity/test_results/robot_identity/lint_cmake.xunit.xml"
Directory: /ws/ros_ws/src/robot_identity
"lint_cmake" start time: May 08 06:07 UTC
Output:
----------------------------------------------------------
-- run_test.py: invoking following command in '/ws/ros_ws/src/robot_identity':
 - /opt/ros/humble/bin/ament_lint_cmake --xunit-file /ws/ros_ws/build/robot_identity/test_results/robot_identity/lint_cmake.xunit.xml

No problems found
-- run_test.py: return code 0
-- run_test.py: verify result file '/ws/ros_ws/build/robot_identity/test_results/robot_identity/lint_cmake.xunit.xml'
<end of output>
Test time =   0.17 sec
----------------------------------------------------------
Test Passed.
"lint_cmake" end time: May 08 06:07 UTC
"lint_cmake" time elapsed: 00:00:00
----------------------------------------------------------

6/7 Testing: uncrustify
6/7 Test: uncrustify
Command: "/usr/bin/python3" "-u" "/opt/ros/humble/share/ament_cmake_test/cmake/run_test.py" "/ws/ros_ws/build/robot_identity/test_results/robot_identity/uncrustify.xunit.xml" "--package-name" "robot_identity" "--output-file" "/ws/ros_ws/build/robot_identity/ament_uncrustify/uncrustify.txt" "--command" "/opt/ros/humble/bin/ament_uncrustify" "--xunit-file" "/ws/ros_ws/build/robot_identity/test_results/robot_identity/uncrustify.xunit.xml"
Directory: /ws/ros_ws/src/robot_identity
"uncrustify" start time: May 08 06:07 UTC
Output:
----------------------------------------------------------
-- run_test.py: invoking following command in '/ws/ros_ws/src/robot_identity':
 - /opt/ros/humble/bin/ament_uncrustify --xunit-file /ws/ros_ws/build/robot_identity/test_results/robot_identity/uncrustify.xunit.xml
No code style divergence in file 'include/robot_identity/enroll_policy.hpp'

No code style divergence in file 'src/enroll_policy.cpp'

No code style divergence in file 'src/identity_node.cpp'

No code style divergence in file 'test/test_enroll_gating.cpp'

No problems found
-- run_test.py: return code 0
-- run_test.py: verify result file '/ws/ros_ws/build/robot_identity/test_results/robot_identity/uncrustify.xunit.xml'
<end of output>
Test time =   0.18 sec
----------------------------------------------------------
Test Passed.
"uncrustify" end time: May 08 06:07 UTC
"uncrustify" time elapsed: 00:00:00
----------------------------------------------------------

7/7 Testing: xmllint
7/7 Test: xmllint
Command: "/usr/bin/python3" "-u" "/opt/ros/humble/share/ament_cmake_test/cmake/run_test.py" "/ws/ros_ws/build/robot_identity/test_results/robot_identity/xmllint.xunit.xml" "--package-name" "robot_identity" "--output-file" "/ws/ros_ws/build/robot_identity/ament_xmllint/xmllint.txt" "--command" "/opt/ros/humble/bin/ament_xmllint" "--xunit-file" "/ws/ros_ws/build/robot_identity/test_results/robot_identity/xmllint.xunit.xml"
Directory: /ws/ros_ws/src/robot_identity
"xmllint" start time: May 08 06:07 UTC
Output:
----------------------------------------------------------
-- run_test.py: invoking following command in '/ws/ros_ws/src/robot_identity':
 - /opt/ros/humble/bin/ament_xmllint --xunit-file /ws/ros_ws/build/robot_identity/test_results/robot_identity/xmllint.xunit.xml
File 'package.xml' is valid

No problems found
-- run_test.py: return code 0
-- run_test.py: verify result file '/ws/ros_ws/build/robot_identity/test_results/robot_identity/xmllint.xunit.xml'
<end of output>
Test time =   0.13 sec
----------------------------------------------------------
Test Passed.
"xmllint" end time: May 08 06:07 UTC
"xmllint" time elapsed: 00:00:00
----------------------------------------------------------

End testing: May 08 06:07 UTC

copyright =   0.31 sec*proc

cppcheck =   0.20 sec*proc

cpplint =   0.25 sec*proc

gtest =   0.09 sec*proc

lint_cmake =   0.17 sec*proc

linter =   1.24 sec*proc

uncrustify =   0.18 sec*proc

xmllint =   0.13 sec*proc

