Start testing: May 08 06:02 UTC
----------------------------------------------------------
1/7 Testing: test_timeout_brake
1/7 Test: test_timeout_brake
Command: "/usr/bin/python3" "-u" "/opt/ros/humble/share/ament_cmake_test/cmake/run_test.py" "/ws/ros_ws/build/robot_base/test_results/robot_base/test_timeout_brake.gtest.xml" "--package-name" "robot_base" "--output-file" "/ws/ros_ws/build/robot_base/ament_cmake_gtest/test_timeout_brake.txt" "--command" "/ws/ros_ws/build/robot_base/test_timeout_brake" "--gtest_output=xml:/ws/ros_ws/build/robot_base/test_results/robot_base/test_timeout_brake.gtest.xml"
Directory: /ws/ros_ws/build/robot_base
"test_timeout_brake" start time: May 08 06:02 UTC
Output:
----------------------------------------------------------
-- run_test.py: invoking following command in '/ws/ros_ws/build/robot_base':
 - /ws/ros_ws/build/robot_base/test_timeout_brake --gtest_output=xml:/ws/ros_ws/build/robot_base/test_results/robot_base/test_timeout_brake.gtest.xml
Running main() from /opt/ros/humble/src/gtest_vendor/src/gtest_main.cc
[==========] Running 2 tests from 1 test suite.
[----------] Global test environment set-up.
[----------] 2 tests from BaseSafetyUtils
[ RUN      ] BaseSafetyUtils.BrakeOnTimeout
[       OK ] BaseSafetyUtils.BrakeOnTimeout (0 ms)
[ RUN      ] BaseSafetyUtils.KeepCommandWithoutTimeout
[       OK ] BaseSafetyUtils.KeepCommandWithoutTimeout (0 ms)
[----------] 2 tests from BaseSafetyUtils (0 ms total)

[----------] Global test environment tear-down
[==========] 2 tests from 1 test suite ran. (0 ms total)
[  PASSED  ] 2 tests.
-- run_test.py: return code 0
-- run_test.py: inject classname prefix into gtest result file '/ws/ros_ws/build/robot_base/test_results/robot_base/test_timeout_brake.gtest.xml'
-- run_test.py: verify result file '/ws/ros_ws/build/robot_base/test_results/robot_base/test_timeout_brake.gtest.xml'
<end of output>
Test time =   0.16 sec
----------------------------------------------------------
Test Passed.
"test_timeout_brake" end time: May 08 06:02 UTC
"test_timeout_brake" time elapsed: 00:00:00
----------------------------------------------------------

2/7 Testing: copyright
2/7 Test: copyright
Command: "/usr/bin/python3" "-u" "/opt/ros/humble/share/ament_cmake_test/cmake/run_test.py" "/ws/ros_ws/build/robot_base/test_results/robot_base/copyright.xunit.xml" "--package-name" "robot_base" "--output-file" "/ws/ros_ws/build/robot_base/ament_copyright/copyright.txt" "--command" "/opt/ros/humble/bin/ament_copyright" "--xunit-file" "/ws/ros_ws/build/robot_base/test_results/robot_base/copyright.xunit.xml"
Directory: /ws/ros_ws/src/robot_base
"copyright" start time: May 08 06:02 UTC
Output:
----------------------------------------------------------
-- run_test.py: invoking following command in '/ws/ros_ws/src/robot_base':
 - /opt/ros/humble/bin/ament_copyright --xunit-file /ws/ros_ws/build/robot_base/test_results/robot_base/copyright.xunit.xml
include/robot_base/safety_utils.hpp: copyright=f447zoushanxi. (2026), license=<unknown>
include/robot_base/serial_interface.hpp: copyright=f447zoushanxi. (2026), license=<unknown>
src/base_driver_node.cpp: copyright=f447zoushanxi. (2026), license=<unknown>
src/safety_utils.cpp: copyright=f447zoushanxi. (2026), license=<unknown>
src/serial_interface_stub.cpp: copyright=f447zoushanxi. (2026), license=<unknown>
test/test_timeout_brake.cpp: copyright=f447zoushanxi. (2026), license=<unknown>
6 errors, checked 6 files
-- run_test.py: return code 1
-- run_test.py: verify result file '/ws/ros_ws/build/robot_base/test_results/robot_base/copyright.xunit.xml'
<end of output>
Test time =   0.29 sec
----------------------------------------------------------
Test Failed.
"copyright" end time: May 08 06:02 UTC
"copyright" time elapsed: 00:00:00
----------------------------------------------------------

3/7 Testing: cppcheck
3/7 Test: cppcheck
Command: "/usr/bin/python3" "-u" "/opt/ros/humble/share/ament_cmake_test/cmake/run_test.py" "/ws/ros_ws/build/robot_base/test_results/robot_base/cppcheck.xunit.xml" "--package-name" "robot_base" "--output-file" "/ws/ros_ws/build/robot_base/ament_cppcheck/cppcheck.txt" "--command" "/opt/ros/humble/bin/ament_cppcheck" "--xunit-file" "/ws/ros_ws/build/robot_base/test_results/robot_base/cppcheck.xunit.xml" "--include_dirs" "/ws/ros_ws/src/robot_base/include"
Directory: /ws/ros_ws/src/robot_base
"cppcheck" start time: May 08 06:02 UTC
Output:
----------------------------------------------------------
-- run_test.py: invoking following command in '/ws/ros_ws/src/robot_base':
 - /opt/ros/humble/bin/ament_cppcheck --xunit-file /ws/ros_ws/build/robot_base/test_results/robot_base/cppcheck.xunit.xml --include_dirs /ws/ros_ws/src/robot_base/include
cppcheck 2.7 has known performance issues and therefore will not be used, set the AMENT_CPPCHECK_ALLOW_SLOW_VERSIONS environment variable to override this.
-- run_test.py: return code 0
-- run_test.py: verify result file '/ws/ros_ws/build/robot_base/test_results/robot_base/cppcheck.xunit.xml'
<end of output>
Test time =   0.16 sec
----------------------------------------------------------
Test Passed.
"cppcheck" end time: May 08 06:02 UTC
"cppcheck" time elapsed: 00:00:00
----------------------------------------------------------

4/7 Testing: cpplint
4/7 Test: cpplint
Command: "/usr/bin/python3" "-u" "/opt/ros/humble/share/ament_cmake_test/cmake/run_test.py" "/ws/ros_ws/build/robot_base/test_results/robot_base/cpplint.xunit.xml" "--package-name" "robot_base" "--output-file" "/ws/ros_ws/build/robot_base/ament_cpplint/cpplint.txt" "--command" "/opt/ros/humble/bin/ament_cpplint" "--xunit-file" "/ws/ros_ws/build/robot_base/test_results/robot_base/cpplint.xunit.xml"
Directory: /ws/ros_ws/src/robot_base
"cpplint" start time: May 08 06:02 UTC
Output:
----------------------------------------------------------
-- run_test.py: invoking following command in '/ws/ros_ws/src/robot_base':
 - /opt/ros/humble/bin/ament_cpplint --xunit-file /ws/ros_ws/build/robot_base/test_results/robot_base/cpplint.xunit.xml
Using '--root=/ws/ros_ws/src/robot_base/include' argument

Done processing /ws/ros_ws/src/robot_base/include/robot_base/safety_utils.hpp

Done processing /ws/ros_ws/src/robot_base/include/robot_base/serial_interface.hpp

Using '--root=/ws/ros_ws/src/robot_base/src' argument

Done processing /ws/ros_ws/src/robot_base/src/base_driver_node.cpp

Done processing /ws/ros_ws/src/robot_base/src/safety_utils.cpp

Done processing /ws/ros_ws/src/robot_base/src/serial_interface_stub.cpp

Using '--root=/ws/ros_ws/src/robot_base/test' argument

Done processing /ws/ros_ws/src/robot_base/test/test_timeout_brake.cpp

No problems found
-- run_test.py: return code 0
-- run_test.py: verify result file '/ws/ros_ws/build/robot_base/test_results/robot_base/cpplint.xunit.xml'
<end of output>
Test time =   0.25 sec
----------------------------------------------------------
Test Passed.
"cpplint" end time: May 08 06:02 UTC
"cpplint" time elapsed: 00:00:00
----------------------------------------------------------

5/7 Testing: lint_cmake
5/7 Test: lint_cmake
Command: "/usr/bin/python3" "-u" "/opt/ros/humble/share/ament_cmake_test/cmake/run_test.py" "/ws/ros_ws/build/robot_base/test_results/robot_base/lint_cmake.xunit.xml" "--package-name" "robot_base" "--output-file" "/ws/ros_ws/build/robot_base/ament_lint_cmake/lint_cmake.txt" "--command" "/opt/ros/humble/bin/ament_lint_cmake" "--xunit-file" "/ws/ros_ws/build/robot_base/test_results/robot_base/lint_cmake.xunit.xml"
Directory: /ws/ros_ws/src/robot_base
"lint_cmake" start time: May 08 06:02 UTC
Output:
----------------------------------------------------------
-- run_test.py: invoking following command in '/ws/ros_ws/src/robot_base':
 - /opt/ros/humble/bin/ament_lint_cmake --xunit-file /ws/ros_ws/build/robot_base/test_results/robot_base/lint_cmake.xunit.xml

No problems found
-- run_test.py: return code 0
-- run_test.py: verify result file '/ws/ros_ws/build/robot_base/test_results/robot_base/lint_cmake.xunit.xml'
<end of output>
Test time =   0.16 sec
----------------------------------------------------------
Test Passed.
"lint_cmake" end time: May 08 06:02 UTC
"lint_cmake" time elapsed: 00:00:00
----------------------------------------------------------

6/7 Testing: uncrustify
6/7 Test: uncrustify
Command: "/usr/bin/python3" "-u" "/opt/ros/humble/share/ament_cmake_test/cmake/run_test.py" "/ws/ros_ws/build/robot_base/test_results/robot_base/uncrustify.xunit.xml" "--package-name" "robot_base" "--output-file" "/ws/ros_ws/build/robot_base/ament_uncrustify/uncrustify.txt" "--command" "/opt/ros/humble/bin/ament_uncrustify" "--xunit-file" "/ws/ros_ws/build/robot_base/test_results/robot_base/uncrustify.xunit.xml"
Directory: /ws/ros_ws/src/robot_base
"uncrustify" start time: May 08 06:02 UTC
Output:
----------------------------------------------------------
-- run_test.py: invoking following command in '/ws/ros_ws/src/robot_base':
 - /opt/ros/humble/bin/ament_uncrustify --xunit-file /ws/ros_ws/build/robot_base/test_results/robot_base/uncrustify.xunit.xml
Code style divergence in file 'src/serial_interface_stub.cpp':

--- src/serial_interface_stub.cpp
+++ src/serial_interface_stub.cpp.uncrustify
@@ -13,2 +13,2 @@
-  bool open(const std::string &, int) override { return true; }
-  bool write_command(const VelocityCommand &) override { return true; }
+  bool open(const std::string &, int) override {return true;}
+  bool write_command(const VelocityCommand &) override {return true;}

1 files with code style divergence
No code style divergence in file 'include/robot_base/safety_utils.hpp'

No code style divergence in file 'include/robot_base/serial_interface.hpp'

No code style divergence in file 'src/base_driver_node.cpp'

No code style divergence in file 'src/safety_utils.cpp'

No code style divergence in file 'test/test_timeout_brake.cpp'

-- run_test.py: return code 1
-- run_test.py: verify result file '/ws/ros_ws/build/robot_base/test_results/robot_base/uncrustify.xunit.xml'
<end of output>
Test time =   0.18 sec
----------------------------------------------------------
Test Failed.
"uncrustify" end time: May 08 06:02 UTC
"uncrustify" time elapsed: 00:00:00
----------------------------------------------------------

7/7 Testing: xmllint
7/7 Test: xmllint
Command: "/usr/bin/python3" "-u" "/opt/ros/humble/share/ament_cmake_test/cmake/run_test.py" "/ws/ros_ws/build/robot_base/test_results/robot_base/xmllint.xunit.xml" "--package-name" "robot_base" "--output-file" "/ws/ros_ws/build/robot_base/ament_xmllint/xmllint.txt" "--command" "/opt/ros/humble/bin/ament_xmllint" "--xunit-file" "/ws/ros_ws/build/robot_base/test_results/robot_base/xmllint.xunit.xml"
Directory: /ws/ros_ws/src/robot_base
"xmllint" start time: May 08 06:02 UTC
Output:
----------------------------------------------------------
-- run_test.py: invoking following command in '/ws/ros_ws/src/robot_base':
 - /opt/ros/humble/bin/ament_xmllint --xunit-file /ws/ros_ws/build/robot_base/test_results/robot_base/xmllint.xunit.xml
File 'package.xml' is valid

No problems found
-- run_test.py: return code 0
-- run_test.py: verify result file '/ws/ros_ws/build/robot_base/test_results/robot_base/xmllint.xunit.xml'
<end of output>
Test time =   0.15 sec
----------------------------------------------------------
Test Passed.
"xmllint" end time: May 08 06:02 UTC
"xmllint" time elapsed: 00:00:00
----------------------------------------------------------

End testing: May 08 06:02 UTC

copyright =   0.29 sec*proc

cppcheck =   0.16 sec*proc

cpplint =   0.25 sec*proc

gtest =   0.16 sec*proc

lint_cmake =   0.16 sec*proc

linter =   1.19 sec*proc

uncrustify =   0.18 sec*proc

xmllint =   0.15 sec*proc

