<?xml version='1.0' encoding='utf-8'?>
<testsuites name="robot_bringup.dev_mode.launch.test" tests="3" failures="0" errors="0" time="0.627"><testsuite name="robot_bringup.dev_mode.launch.test.launch_tests" tests="3" failures="0" errors="0" skipped="0" time="0.627"><testcase classname="robot_bringup.TestDevModeBringup" name="test_core_nodes_started" time="0.306" /><testcase classname="robot_bringup.TestDevModeBringup" name="test_core_services_available" time="0.094" /><testcase classname="robot_bringup.TestDevModeBringup" name="test_voice_to_nlu_and_executor_progress" time="0.227" /></testsuite></testsuites>