Start testing: May 08 06:04 UTC
----------------------------------------------------------
1/6 Testing: copyright
1/6 Test: copyright
Command: "/usr/bin/python3" "-u" "/opt/ros/humble/share/ament_cmake_test/cmake/run_test.py" "/ws/ros_ws/build/robot_safety/test_results/robot_safety/copyright.xunit.xml" "--package-name" "robot_safety" "--output-file" "/ws/ros_ws/build/robot_safety/ament_copyright/copyright.txt" "--command" "/opt/ros/humble/bin/ament_copyright" "--xunit-file" "/ws/ros_ws/build/robot_safety/test_results/robot_safety/copyright.xunit.xml"
Directory: /ws/ros_ws/src/robot_safety
"copyright" start time: May 08 06:04 UTC
Output:
----------------------------------------------------------
-- run_test.py: invoking following command in '/ws/ros_ws/src/robot_safety':
 - /opt/ros/humble/bin/ament_copyright --xunit-file /ws/ros_ws/build/robot_safety/test_results/robot_safety/copyright.xunit.xml
src/safety_node.cpp: copyright=f447zoushanxi. (2026), license=<unknown>
1 errors, checked 1 files
-- run_test.py: return code 1
-- run_test.py: verify result file '/ws/ros_ws/build/robot_safety/test_results/robot_safety/copyright.xunit.xml'
<end of output>
Test time =   0.22 sec
----------------------------------------------------------
Test Failed.
"copyright" end time: May 08 06:04 UTC
"copyright" time elapsed: 00:00:00
----------------------------------------------------------

2/6 Testing: cppcheck
2/6 Test: cppcheck
Command: "/usr/bin/python3" "-u" "/opt/ros/humble/share/ament_cmake_test/cmake/run_test.py" "/ws/ros_ws/build/robot_safety/test_results/robot_safety/cppcheck.xunit.xml" "--package-name" "robot_safety" "--output-file" "/ws/ros_ws/build/robot_safety/ament_cppcheck/cppcheck.txt" "--command" "/opt/ros/humble/bin/ament_cppcheck" "--xunit-file" "/ws/ros_ws/build/robot_safety/test_results/robot_safety/cppcheck.xunit.xml"
Directory: /ws/ros_ws/src/robot_safety
"cppcheck" start time: May 08 06:04 UTC
Output:
----------------------------------------------------------
-- run_test.py: invoking following command in '/ws/ros_ws/src/robot_safety':
 - /opt/ros/humble/bin/ament_cppcheck --xunit-file /ws/ros_ws/build/robot_safety/test_results/robot_safety/cppcheck.xunit.xml
cppcheck 2.7 has known performance issues and therefore will not be used, set the AMENT_CPPCHECK_ALLOW_SLOW_VERSIONS environment variable to override this.
-- run_test.py: return code 0
-- run_test.py: verify result file '/ws/ros_ws/build/robot_safety/test_results/robot_safety/cppcheck.xunit.xml'
<end of output>
Test time =   0.18 sec
----------------------------------------------------------
Test Passed.
"cppcheck" end time: May 08 06:04 UTC
"cppcheck" time elapsed: 00:00:00
----------------------------------------------------------

3/6 Testing: cpplint
3/6 Test: cpplint
Command: "/usr/bin/python3" "-u" "/opt/ros/humble/share/ament_cmake_test/cmake/run_test.py" "/ws/ros_ws/build/robot_safety/test_results/robot_safety/cpplint.xunit.xml" "--package-name" "robot_safety" "--output-file" "/ws/ros_ws/build/robot_safety/ament_cpplint/cpplint.txt" "--command" "/opt/ros/humble/bin/ament_cpplint" "--xunit-file" "/ws/ros_ws/build/robot_safety/test_results/robot_safety/cpplint.xunit.xml"
Directory: /ws/ros_ws/src/robot_safety
"cpplint" start time: May 08 06:04 UTC
Output:
----------------------------------------------------------
-- run_test.py: invoking following command in '/ws/ros_ws/src/robot_safety':
 - /opt/ros/humble/bin/ament_cpplint --xunit-file /ws/ros_ws/build/robot_safety/test_results/robot_safety/cpplint.xunit.xml
Using '--root=/ws/ros_ws/src/robot_safety/src' argument

Done processing /ws/ros_ws/src/robot_safety/src/safety_node.cpp

No problems found
-- run_test.py: return code 0
-- run_test.py: verify result file '/ws/ros_ws/build/robot_safety/test_results/robot_safety/cpplint.xunit.xml'
<end of output>
Test time =   0.21 sec
----------------------------------------------------------
Test Passed.
"cpplint" end time: May 08 06:04 UTC
"cpplint" time elapsed: 00:00:00
----------------------------------------------------------

4/6 Testing: lint_cmake
4/6 Test: lint_cmake
Command: "/usr/bin/python3" "-u" "/opt/ros/humble/share/ament_cmake_test/cmake/run_test.py" "/ws/ros_ws/build/robot_safety/test_results/robot_safety/lint_cmake.xunit.xml" "--package-name" "robot_safety" "--output-file" "/ws/ros_ws/build/robot_safety/ament_lint_cmake/lint_cmake.txt" "--command" "/opt/ros/humble/bin/ament_lint_cmake" "--xunit-file" "/ws/ros_ws/build/robot_safety/test_results/robot_safety/lint_cmake.xunit.xml"
Directory: /ws/ros_ws/src/robot_safety
"lint_cmake" start time: May 08 06:04 UTC
Output:
----------------------------------------------------------
-- run_test.py: invoking following command in '/ws/ros_ws/src/robot_safety':
 - /opt/ros/humble/bin/ament_lint_cmake --xunit-file /ws/ros_ws/build/robot_safety/test_results/robot_safety/lint_cmake.xunit.xml

No problems found
-- run_test.py: return code 0
-- run_test.py: verify result file '/ws/ros_ws/build/robot_safety/test_results/robot_safety/lint_cmake.xunit.xml'
<end of output>
Test time =   0.16 sec
----------------------------------------------------------
Test Passed.
"lint_cmake" end time: May 08 06:04 UTC
"lint_cmake" time elapsed: 00:00:00
----------------------------------------------------------

5/6 Testing: uncrustify
5/6 Test: uncrustify
Command: "/usr/bin/python3" "-u" "/opt/ros/humble/share/ament_cmake_test/cmake/run_test.py" "/ws/ros_ws/build/robot_safety/test_results/robot_safety/uncrustify.xunit.xml" "--package-name" "robot_safety" "--output-file" "/ws/ros_ws/build/robot_safety/ament_uncrustify/uncrustify.txt" "--command" "/opt/ros/humble/bin/ament_uncrustify" "--xunit-file" "/ws/ros_ws/build/robot_safety/test_results/robot_safety/uncrustify.xunit.xml"
Directory: /ws/ros_ws/src/robot_safety
"uncrustify" start time: May 08 06:04 UTC
Output:
----------------------------------------------------------
-- run_test.py: invoking following command in '/ws/ros_ws/src/robot_safety':
 - /opt/ros/humble/bin/ament_uncrustify --xunit-file /ws/ros_ws/build/robot_safety/test_results/robot_safety/uncrustify.xunit.xml
No code style divergence in file 'src/safety_node.cpp'

No problems found
-- run_test.py: return code 0
-- run_test.py: verify result file '/ws/ros_ws/build/robot_safety/test_results/robot_safety/uncrustify.xunit.xml'
<end of output>
Test time =   0.17 sec
----------------------------------------------------------
Test Passed.
"uncrustify" end time: May 08 06:04 UTC
"uncrustify" time elapsed: 00:00:00
----------------------------------------------------------

6/6 Testing: xmllint
6/6 Test: xmllint
Command: "/usr/bin/python3" "-u" "/opt/ros/humble/share/ament_cmake_test/cmake/run_test.py" "/ws/ros_ws/build/robot_safety/test_results/robot_safety/xmllint.xunit.xml" "--package-name" "robot_safety" "--output-file" "/ws/ros_ws/build/robot_safety/ament_xmllint/xmllint.txt" "--command" "/opt/ros/humble/bin/ament_xmllint" "--xunit-file" "/ws/ros_ws/build/robot_safety/test_results/robot_safety/xmllint.xunit.xml"
Directory: /ws/ros_ws/src/robot_safety
"xmllint" start time: May 08 06:04 UTC
Output:
----------------------------------------------------------
-- run_test.py: invoking following command in '/ws/ros_ws/src/robot_safety':
 - /opt/ros/humble/bin/ament_xmllint --xunit-file /ws/ros_ws/build/robot_safety/test_results/robot_safety/xmllint.xunit.xml
File 'package.xml' is valid

No problems found
-- run_test.py: return code 0
-- run_test.py: verify result file '/ws/ros_ws/build/robot_safety/test_results/robot_safety/xmllint.xunit.xml'
<end of output>
Test time =   0.16 sec
----------------------------------------------------------
Test Passed.
"xmllint" end time: May 08 06:04 UTC
"xmllint" time elapsed: 00:00:00
----------------------------------------------------------

End testing: May 08 06:04 UTC

copyright =   0.22 sec*proc

cppcheck =   0.18 sec*proc

cpplint =   0.21 sec*proc

lint_cmake =   0.16 sec*proc

linter =   1.11 sec*proc

uncrustify =   0.17 sec*proc

xmllint =   0.16 sec*proc

