<?xml version="1.0" encoding="UTF-8"?>
<Site BuildName="(empty)"
	BuildStamp="20260508-0606-Experimental"
	Name="a0e3119139a3"
	Generator="ctest-3.22.1"
	CompilerName="/usr/bin/c++"
	CompilerVersion="11.4.0"
	OSName="Linux"
	Hostname="35f211623a71"
	OSRelease="6.17.0-1010-azure"
	OSVersion="#10~24.04.1-Ubuntu SMP Fri Mar  6 22:00:57 UTC 2026"
	OSPlatform="x86_64"
	Is64Bits="1"
	VendorString="AuthenticAMD"
	VendorID="Advanced Micro Devices"
	FamilyID="25"
	ModelID="17"
	ProcessorCacheSize="1024"
	NumberOfLogicalCPU="4"
	NumberOfPhysicalCPU="2"
	TotalVirtualMemory="3071"
	TotalPhysicalMemory="15989"
	LogicalProcessorsPerPhysical="2"
	ProcessorClockFrequency="3694.01"
	>
	<Testing>
		<StartDateTime>May 08 06:06 UTC</StartDateTime>
		<StartTestTime>1778220414</StartTestTime>
		<TestList>
			<Test>./test_enroll_gating</Test>
			<Test>./copyright</Test>
			<Test>./cppcheck</Test>
			<Test>./cpplint</Test>
			<Test>./lint_cmake</Test>
			<Test>./uncrustify</Test>
			<Test>./xmllint</Test>
		</TestList>
		<Test Status="passed">
			<Name>test_enroll_gating</Name>
			<Path>.</Path>
			<FullName>./test_enroll_gating</FullName>
			<FullCommandLine>/usr/bin/python3 "-u" "/opt/ros/humble/share/ament_cmake_test/cmake/run_test.py" "/ws/ros_ws/build/robot_identity/test_results/robot_identity/test_enroll_gating.gtest.xml" "--package-name" "robot_identity" "--output-file" "/ws/ros_ws/build/robot_identity/ament_cmake_gtest/test_enroll_gating.txt" "--command" "/ws/ros_ws/build/robot_identity/test_enroll_gating" "--gtest_output=xml:/ws/ros_ws/build/robot_identity/test_results/robot_identity/test_enroll_gating.gtest.xml"</FullCommandLine>
			<Results>
				<NamedMeasurement type="numeric/double" name="Execution Time">
					<Value>0.0901106</Value>
				</NamedMeasurement>
				<NamedMeasurement type="numeric/double" name="Processors">
					<Value>1</Value>
				</NamedMeasurement>
				<NamedMeasurement type="text/string" name="Completion Status">
					<Value>Completed</Value>
				</NamedMeasurement>
				<NamedMeasurement type="text/string" name="Command Line">
					<Value>/usr/bin/python3 "-u" "/opt/ros/humble/share/ament_cmake_test/cmake/run_test.py" "/ws/ros_ws/build/robot_identity/test_results/robot_identity/test_enroll_gating.gtest.xml" "--package-name" "robot_identity" "--output-file" "/ws/ros_ws/build/robot_identity/ament_cmake_gtest/test_enroll_gating.txt" "--command" "/ws/ros_ws/build/robot_identity/test_enroll_gating" "--gtest_output=xml:/ws/ros_ws/build/robot_identity/test_results/robot_identity/test_enroll_gating.gtest.xml"</Value>
				</NamedMeasurement>
				<NamedMeasurement type="text/string" name="Environment">
					<Value>#CTEST_RESOURCE_GROUP_COUNT=</Value>
				</NamedMeasurement>
				<Measurement>
					<Value>-- run_test.py: invoking following command in '/ws/ros_ws/build/robot_identity':
 - /ws/ros_ws/build/robot_identity/test_enroll_gating --gtest_output=xml:/ws/ros_ws/build/robot_identity/test_results/robot_identity/test_enroll_gating.gtest.xml
Running main() from /opt/ros/humble/src/gtest_vendor/src/gtest_main.cc
[==========] Running 3 tests from 1 test suite.
[----------] Global test environment set-up.
[----------] 3 tests from EnrollPolicy
[ RUN      ] EnrollPolicy.FirstEnrollRequiresPhysicalConfirmWhenConfigured
[       OK ] EnrollPolicy.FirstEnrollRequiresPhysicalConfirmWhenConfigured (0 ms)
[ RUN      ] EnrollPolicy.AllowWhenPhysicalConfirmNotRequiredByRequest
[       OK ] EnrollPolicy.AllowWhenPhysicalConfirmNotRequiredByRequest (0 ms)
[ RUN      ] EnrollPolicy.AllowWhenOwnerAlreadyEnrolled
[       OK ] EnrollPolicy.AllowWhenOwnerAlreadyEnrolled (0 ms)
[----------] 3 tests from EnrollPolicy (0 ms total)

[----------] Global test environment tear-down
[==========] 3 tests from 1 test suite ran. (1 ms total)
[  PASSED  ] 3 tests.
-- run_test.py: return code 0
-- run_test.py: inject classname prefix into gtest result file '/ws/ros_ws/build/robot_identity/test_results/robot_identity/test_enroll_gating.gtest.xml'
-- run_test.py: verify result file '/ws/ros_ws/build/robot_identity/test_results/robot_identity/test_enroll_gating.gtest.xml'
</Value>
				</Measurement>
			</Results>
			<Labels>
				<Label>gtest</Label>
			</Labels>
		</Test>
		<Test Status="passed">
			<Name>copyright</Name>
			<Path>.</Path>
			<FullName>./copyright</FullName>
			<FullCommandLine>/usr/bin/python3 "-u" "/opt/ros/humble/share/ament_cmake_test/cmake/run_test.py" "/ws/ros_ws/build/robot_identity/test_results/robot_identity/copyright.xunit.xml" "--package-name" "robot_identity" "--output-file" "/ws/ros_ws/build/robot_identity/ament_copyright/copyright.txt" "--command" "/opt/ros/humble/bin/ament_copyright" "--xunit-file" "/ws/ros_ws/build/robot_identity/test_results/robot_identity/copyright.xunit.xml"</FullCommandLine>
			<Results>
				<NamedMeasurement type="numeric/double" name="Execution Time">
					<Value>0.307773</Value>
				</NamedMeasurement>
				<NamedMeasurement type="numeric/double" name="Processors">
					<Value>1</Value>
				</NamedMeasurement>
				<NamedMeasurement type="text/string" name="Completion Status">
					<Value>Completed</Value>
				</NamedMeasurement>
				<NamedMeasurement type="text/string" name="Command Line">
					<Value>/usr/bin/python3 "-u" "/opt/ros/humble/share/ament_cmake_test/cmake/run_test.py" "/ws/ros_ws/build/robot_identity/test_results/robot_identity/copyright.xunit.xml" "--package-name" "robot_identity" "--output-file" "/ws/ros_ws/build/robot_identity/ament_copyright/copyright.txt" "--command" "/opt/ros/humble/bin/ament_copyright" "--xunit-file" "/ws/ros_ws/build/robot_identity/test_results/robot_identity/copyright.xunit.xml"</Value>
				</NamedMeasurement>
				<NamedMeasurement type="text/string" name="Environment">
					<Value>#CTEST_RESOURCE_GROUP_COUNT=</Value>
				</NamedMeasurement>
				<Measurement>
					<Value>-- run_test.py: invoking following command in '/ws/ros_ws/src/robot_identity':
 - /opt/ros/humble/bin/ament_copyright --xunit-file /ws/ros_ws/build/robot_identity/test_results/robot_identity/copyright.xunit.xml
No problems found, checked 4 files
-- run_test.py: return code 0
-- run_test.py: verify result file '/ws/ros_ws/build/robot_identity/test_results/robot_identity/copyright.xunit.xml'
</Value>
				</Measurement>
			</Results>
			<Labels>
				<Label>copyright</Label>
				<Label>linter</Label>
			</Labels>
		</Test>
		<Test Status="passed">
			<Name>cppcheck</Name>
			<Path>.</Path>
			<FullName>./cppcheck</FullName>
			<FullCommandLine>/usr/bin/python3 "-u" "/opt/ros/humble/share/ament_cmake_test/cmake/run_test.py" "/ws/ros_ws/build/robot_identity/test_results/robot_identity/cppcheck.xunit.xml" "--package-name" "robot_identity" "--output-file" "/ws/ros_ws/build/robot_identity/ament_cppcheck/cppcheck.txt" "--command" "/opt/ros/humble/bin/ament_cppcheck" "--xunit-file" "/ws/ros_ws/build/robot_identity/test_results/robot_identity/cppcheck.xunit.xml" "--include_dirs" "/ws/ros_ws/src/robot_identity/include"</FullCommandLine>
			<Results>
				<NamedMeasurement type="numeric/double" name="Execution Time">
					<Value>0.190434</Value>
				</NamedMeasurement>
				<NamedMeasurement type="numeric/double" name="Processors">
					<Value>1</Value>
				</NamedMeasurement>
				<NamedMeasurement type="text/string" name="Completion Status">
					<Value>Completed</Value>
				</NamedMeasurement>
				<NamedMeasurement type="text/string" name="Command Line">
					<Value>/usr/bin/python3 "-u" "/opt/ros/humble/share/ament_cmake_test/cmake/run_test.py" "/ws/ros_ws/build/robot_identity/test_results/robot_identity/cppcheck.xunit.xml" "--package-name" "robot_identity" "--output-file" "/ws/ros_ws/build/robot_identity/ament_cppcheck/cppcheck.txt" "--command" "/opt/ros/humble/bin/ament_cppcheck" "--xunit-file" "/ws/ros_ws/build/robot_identity/test_results/robot_identity/cppcheck.xunit.xml" "--include_dirs" "/ws/ros_ws/src/robot_identity/include"</Value>
				</NamedMeasurement>
				<NamedMeasurement type="text/string" name="Environment">
					<Value>#CTEST_RESOURCE_GROUP_COUNT=</Value>
				</NamedMeasurement>
				<Measurement>
					<Value>-- run_test.py: invoking following command in '/ws/ros_ws/src/robot_identity':
 - /opt/ros/humble/bin/ament_cppcheck --xunit-file /ws/ros_ws/build/robot_identity/test_results/robot_identity/cppcheck.xunit.xml --include_dirs /ws/ros_ws/src/robot_identity/include
cppcheck 2.7 has known performance issues and therefore will not be used, set the AMENT_CPPCHECK_ALLOW_SLOW_VERSIONS environment variable to override this.
-- run_test.py: return code 0
-- run_test.py: verify result file '/ws/ros_ws/build/robot_identity/test_results/robot_identity/cppcheck.xunit.xml'
</Value>
				</Measurement>
			</Results>
			<Labels>
				<Label>cppcheck</Label>
				<Label>linter</Label>
			</Labels>
		</Test>
		<Test Status="passed">
			<Name>cpplint</Name>
			<Path>.</Path>
			<FullName>./cpplint</FullName>
			<FullCommandLine>/usr/bin/python3 "-u" "/opt/ros/humble/share/ament_cmake_test/cmake/run_test.py" "/ws/ros_ws/build/robot_identity/test_results/robot_identity/cpplint.xunit.xml" "--package-name" "robot_identity" "--output-file" "/ws/ros_ws/build/robot_identity/ament_cpplint/cpplint.txt" "--command" "/opt/ros/humble/bin/ament_cpplint" "--xunit-file" "/ws/ros_ws/build/robot_identity/test_results/robot_identity/cpplint.xunit.xml"</FullCommandLine>
			<Results>
				<NamedMeasurement type="numeric/double" name="Execution Time">
					<Value>0.253355</Value>
				</NamedMeasurement>
				<NamedMeasurement type="numeric/double" name="Processors">
					<Value>1</Value>
				</NamedMeasurement>
				<NamedMeasurement type="text/string" name="Completion Status">
					<Value>Completed</Value>
				</NamedMeasurement>
				<NamedMeasurement type="text/string" name="Command Line">
					<Value>/usr/bin/python3 "-u" "/opt/ros/humble/share/ament_cmake_test/cmake/run_test.py" "/ws/ros_ws/build/robot_identity/test_results/robot_identity/cpplint.xunit.xml" "--package-name" "robot_identity" "--output-file" "/ws/ros_ws/build/robot_identity/ament_cpplint/cpplint.txt" "--command" "/opt/ros/humble/bin/ament_cpplint" "--xunit-file" "/ws/ros_ws/build/robot_identity/test_results/robot_identity/cpplint.xunit.xml"</Value>
				</NamedMeasurement>
				<NamedMeasurement type="text/string" name="Environment">
					<Value>#CTEST_RESOURCE_GROUP_COUNT=</Value>
				</NamedMeasurement>
				<Measurement>
					<Value>-- run_test.py: invoking following command in '/ws/ros_ws/src/robot_identity':
 - /opt/ros/humble/bin/ament_cpplint --xunit-file /ws/ros_ws/build/robot_identity/test_results/robot_identity/cpplint.xunit.xml
Using '--root=/ws/ros_ws/src/robot_identity/include' argument

Done processing /ws/ros_ws/src/robot_identity/include/robot_identity/enroll_policy.hpp

Using '--root=/ws/ros_ws/src/robot_identity/src' argument

Done processing /ws/ros_ws/src/robot_identity/src/enroll_policy.cpp

Done processing /ws/ros_ws/src/robot_identity/src/identity_node.cpp

Using '--root=/ws/ros_ws/src/robot_identity/test' argument

Done processing /ws/ros_ws/src/robot_identity/test/test_enroll_gating.cpp

No problems found
-- run_test.py: return code 0
-- run_test.py: verify result file '/ws/ros_ws/build/robot_identity/test_results/robot_identity/cpplint.xunit.xml'
</Value>
				</Measurement>
			</Results>
			<Labels>
				<Label>cpplint</Label>
				<Label>linter</Label>
			</Labels>
		</Test>
		<Test Status="passed">
			<Name>lint_cmake</Name>
			<Path>.</Path>
			<FullName>./lint_cmake</FullName>
			<FullCommandLine>/usr/bin/python3 "-u" "/opt/ros/humble/share/ament_cmake_test/cmake/run_test.py" "/ws/ros_ws/build/robot_identity/test_results/robot_identity/lint_cmake.xunit.xml" "--package-name" "robot_identity" "--output-file" "/ws/ros_ws/build/robot_identity/ament_lint_cmake/lint_cmake.txt" "--command" "/opt/ros/humble/bin/ament_lint_cmake" "--xunit-file" "/ws/ros_ws/build/robot_identity/test_results/robot_identity/lint_cmake.xunit.xml"</FullCommandLine>
			<Results>
				<NamedMeasurement type="numeric/double" name="Execution Time">
					<Value>0.16599</Value>
				</NamedMeasurement>
				<NamedMeasurement type="numeric/double" name="Processors">
					<Value>1</Value>
				</NamedMeasurement>
				<NamedMeasurement type="text/string" name="Completion Status">
					<Value>Completed</Value>
				</NamedMeasurement>
				<NamedMeasurement type="text/string" name="Command Line">
					<Value>/usr/bin/python3 "-u" "/opt/ros/humble/share/ament_cmake_test/cmake/run_test.py" "/ws/ros_ws/build/robot_identity/test_results/robot_identity/lint_cmake.xunit.xml" "--package-name" "robot_identity" "--output-file" "/ws/ros_ws/build/robot_identity/ament_lint_cmake/lint_cmake.txt" "--command" "/opt/ros/humble/bin/ament_lint_cmake" "--xunit-file" "/ws/ros_ws/build/robot_identity/test_results/robot_identity/lint_cmake.xunit.xml"</Value>
				</NamedMeasurement>
				<NamedMeasurement type="text/string" name="Environment">
					<Value>#CTEST_RESOURCE_GROUP_COUNT=</Value>
				</NamedMeasurement>
				<Measurement>
					<Value>-- run_test.py: invoking following command in '/ws/ros_ws/src/robot_identity':
 - /opt/ros/humble/bin/ament_lint_cmake --xunit-file /ws/ros_ws/build/robot_identity/test_results/robot_identity/lint_cmake.xunit.xml

No problems found
-- run_test.py: return code 0
-- run_test.py: verify result file '/ws/ros_ws/build/robot_identity/test_results/robot_identity/lint_cmake.xunit.xml'
</Value>
				</Measurement>
			</Results>
			<Labels>
				<Label>lint_cmake</Label>
				<Label>linter</Label>
			</Labels>
		</Test>
		<Test Status="passed">
			<Name>uncrustify</Name>
			<Path>.</Path>
			<FullName>./uncrustify</FullName>
			<FullCommandLine>/usr/bin/python3 "-u" "/opt/ros/humble/share/ament_cmake_test/cmake/run_test.py" "/ws/ros_ws/build/robot_identity/test_results/robot_identity/uncrustify.xunit.xml" "--package-name" "robot_identity" "--output-file" "/ws/ros_ws/build/robot_identity/ament_uncrustify/uncrustify.txt" "--command" "/opt/ros/humble/bin/ament_uncrustify" "--xunit-file" "/ws/ros_ws/build/robot_identity/test_results/robot_identity/uncrustify.xunit.xml"</FullCommandLine>
			<Results>
				<NamedMeasurement type="numeric/double" name="Execution Time">
					<Value>0.186008</Value>
				</NamedMeasurement>
				<NamedMeasurement type="numeric/double" name="Processors">
					<Value>1</Value>
				</NamedMeasurement>
				<NamedMeasurement type="text/string" name="Completion Status">
					<Value>Completed</Value>
				</NamedMeasurement>
				<NamedMeasurement type="text/string" name="Command Line">
					<Value>/usr/bin/python3 "-u" "/opt/ros/humble/share/ament_cmake_test/cmake/run_test.py" "/ws/ros_ws/build/robot_identity/test_results/robot_identity/uncrustify.xunit.xml" "--package-name" "robot_identity" "--output-file" "/ws/ros_ws/build/robot_identity/ament_uncrustify/uncrustify.txt" "--command" "/opt/ros/humble/bin/ament_uncrustify" "--xunit-file" "/ws/ros_ws/build/robot_identity/test_results/robot_identity/uncrustify.xunit.xml"</Value>
				</NamedMeasurement>
				<NamedMeasurement type="text/string" name="Environment">
					<Value>#CTEST_RESOURCE_GROUP_COUNT=</Value>
				</NamedMeasurement>
				<Measurement>
					<Value>-- run_test.py: invoking following command in '/ws/ros_ws/src/robot_identity':
 - /opt/ros/humble/bin/ament_uncrustify --xunit-file /ws/ros_ws/build/robot_identity/test_results/robot_identity/uncrustify.xunit.xml
No code style divergence in file 'include/robot_identity/enroll_policy.hpp'

No code style divergence in file 'src/enroll_policy.cpp'

No code style divergence in file 'src/identity_node.cpp'

No code style divergence in file 'test/test_enroll_gating.cpp'

No problems found
-- run_test.py: return code 0
-- run_test.py: verify result file '/ws/ros_ws/build/robot_identity/test_results/robot_identity/uncrustify.xunit.xml'
</Value>
				</Measurement>
			</Results>
			<Labels>
				<Label>linter</Label>
				<Label>uncrustify</Label>
			</Labels>
		</Test>
		<Test Status="passed">
			<Name>xmllint</Name>
			<Path>.</Path>
			<FullName>./xmllint</FullName>
			<FullCommandLine>/usr/bin/python3 "-u" "/opt/ros/humble/share/ament_cmake_test/cmake/run_test.py" "/ws/ros_ws/build/robot_identity/test_results/robot_identity/xmllint.xunit.xml" "--package-name" "robot_identity" "--output-file" "/ws/ros_ws/build/robot_identity/ament_xmllint/xmllint.txt" "--command" "/opt/ros/humble/bin/ament_xmllint" "--xunit-file" "/ws/ros_ws/build/robot_identity/test_results/robot_identity/xmllint.xunit.xml"</FullCommandLine>
			<Results>
				<NamedMeasurement type="numeric/double" name="Execution Time">
					<Value>0.164904</Value>
				</NamedMeasurement>
				<NamedMeasurement type="numeric/double" name="Processors">
					<Value>1</Value>
				</NamedMeasurement>
				<NamedMeasurement type="text/string" name="Completion Status">
					<Value>Completed</Value>
				</NamedMeasurement>
				<NamedMeasurement type="text/string" name="Command Line">
					<Value>/usr/bin/python3 "-u" "/opt/ros/humble/share/ament_cmake_test/cmake/run_test.py" "/ws/ros_ws/build/robot_identity/test_results/robot_identity/xmllint.xunit.xml" "--package-name" "robot_identity" "--output-file" "/ws/ros_ws/build/robot_identity/ament_xmllint/xmllint.txt" "--command" "/opt/ros/humble/bin/ament_xmllint" "--xunit-file" "/ws/ros_ws/build/robot_identity/test_results/robot_identity/xmllint.xunit.xml"</Value>
				</NamedMeasurement>
				<NamedMeasurement type="text/string" name="Environment">
					<Value>#CTEST_RESOURCE_GROUP_COUNT=</Value>
				</NamedMeasurement>
				<Measurement>
					<Value>-- run_test.py: invoking following command in '/ws/ros_ws/src/robot_identity':
 - /opt/ros/humble/bin/ament_xmllint --xunit-file /ws/ros_ws/build/robot_identity/test_results/robot_identity/xmllint.xunit.xml
File 'package.xml' is valid

No problems found
-- run_test.py: return code 0
-- run_test.py: verify result file '/ws/ros_ws/build/robot_identity/test_results/robot_identity/xmllint.xunit.xml'
</Value>
				</Measurement>
			</Results>
			<Labels>
				<Label>linter</Label>
				<Label>xmllint</Label>
			</Labels>
		</Test>
		<EndDateTime>May 08 06:06 UTC</EndDateTime>
		<EndTestTime>1778220415</EndTestTime>
		<ElapsedMinutes>0</ElapsedMinutes>
	</Testing>
</Site>
