Start testing: May 08 06:02 UTC
----------------------------------------------------------
1/7 Testing: test_location_manager
1/7 Test: test_location_manager
Command: "/usr/bin/python3" "-u" "/opt/ros/humble/share/ament_cmake_test/cmake/run_test.py" "/ws/ros_ws/build/robot_nav/test_results/robot_nav/test_location_manager.gtest.xml" "--package-name" "robot_nav" "--output-file" "/ws/ros_ws/build/robot_nav/ament_cmake_gtest/test_location_manager.txt" "--command" "/ws/ros_ws/build/robot_nav/test_location_manager" "--gtest_output=xml:/ws/ros_ws/build/robot_nav/test_results/robot_nav/test_location_manager.gtest.xml"
Directory: /ws/ros_ws/build/robot_nav
"test_location_manager" start time: May 08 06:02 UTC
Output:
----------------------------------------------------------
-- run_test.py: invoking following command in '/ws/ros_ws/build/robot_nav':
 - /ws/ros_ws/build/robot_nav/test_location_manager --gtest_output=xml:/ws/ros_ws/build/robot_nav/test_results/robot_nav/test_location_manager.gtest.xml
Running main() from /opt/ros/humble/src/gtest_vendor/src/gtest_main.cc
[==========] Running 2 tests from 1 test suite.
[----------] Global test environment set-up.
[----------] 2 tests from LocationManager
[ RUN      ] LocationManager.LoadValidLocationsYaml
[       OK ] LocationManager.LoadValidLocationsYaml (0 ms)
[ RUN      ] LocationManager.IgnoreInvalidEntryAndKeepValidOnes
[       OK ] LocationManager.IgnoreInvalidEntryAndKeepValidOnes (0 ms)
[----------] 2 tests from LocationManager (0 ms total)

[----------] Global test environment tear-down
[==========] 2 tests from 1 test suite ran. (0 ms total)
[  PASSED  ] 2 tests.
-- run_test.py: return code 0
-- run_test.py: inject classname prefix into gtest result file '/ws/ros_ws/build/robot_nav/test_results/robot_nav/test_location_manager.gtest.xml'
-- run_test.py: verify result file '/ws/ros_ws/build/robot_nav/test_results/robot_nav/test_location_manager.gtest.xml'
<end of output>
Test time =   0.14 sec
----------------------------------------------------------
Test Passed.
"test_location_manager" end time: May 08 06:02 UTC
"test_location_manager" time elapsed: 00:00:00
----------------------------------------------------------

2/7 Testing: copyright
2/7 Test: copyright
Command: "/usr/bin/python3" "-u" "/opt/ros/humble/share/ament_cmake_test/cmake/run_test.py" "/ws/ros_ws/build/robot_nav/test_results/robot_nav/copyright.xunit.xml" "--package-name" "robot_nav" "--output-file" "/ws/ros_ws/build/robot_nav/ament_copyright/copyright.txt" "--command" "/opt/ros/humble/bin/ament_copyright" "--xunit-file" "/ws/ros_ws/build/robot_nav/test_results/robot_nav/copyright.xunit.xml"
Directory: /ws/ros_ws/src/robot_nav
"copyright" start time: May 08 06:02 UTC
Output:
----------------------------------------------------------
-- run_test.py: invoking following command in '/ws/ros_ws/src/robot_nav':
 - /opt/ros/humble/bin/ament_copyright --xunit-file /ws/ros_ws/build/robot_nav/test_results/robot_nav/copyright.xunit.xml
include/robot_nav/location_manager.hpp: copyright=f447zoushanxi. (2026), license=<unknown>
src/location_manager.cpp: copyright=f447zoushanxi. (2026), license=<unknown>
src/nav_server_node.cpp: copyright=f447zoushanxi. (2026), license=<unknown>
test/test_location_manager.cpp: copyright=f447zoushanxi. (2026), license=<unknown>
4 errors, checked 4 files
-- run_test.py: return code 1
-- run_test.py: verify result file '/ws/ros_ws/build/robot_nav/test_results/robot_nav/copyright.xunit.xml'
<end of output>
Test time =   0.25 sec
----------------------------------------------------------
Test Failed.
"copyright" end time: May 08 06:02 UTC
"copyright" time elapsed: 00:00:00
----------------------------------------------------------

3/7 Testing: cppcheck
3/7 Test: cppcheck
Command: "/usr/bin/python3" "-u" "/opt/ros/humble/share/ament_cmake_test/cmake/run_test.py" "/ws/ros_ws/build/robot_nav/test_results/robot_nav/cppcheck.xunit.xml" "--package-name" "robot_nav" "--output-file" "/ws/ros_ws/build/robot_nav/ament_cppcheck/cppcheck.txt" "--command" "/opt/ros/humble/bin/ament_cppcheck" "--xunit-file" "/ws/ros_ws/build/robot_nav/test_results/robot_nav/cppcheck.xunit.xml" "--include_dirs" "/ws/ros_ws/src/robot_nav/include"
Directory: /ws/ros_ws/src/robot_nav
"cppcheck" start time: May 08 06:02 UTC
Output:
----------------------------------------------------------
-- run_test.py: invoking following command in '/ws/ros_ws/src/robot_nav':
 - /opt/ros/humble/bin/ament_cppcheck --xunit-file /ws/ros_ws/build/robot_nav/test_results/robot_nav/cppcheck.xunit.xml --include_dirs /ws/ros_ws/src/robot_nav/include
cppcheck 2.7 has known performance issues and therefore will not be used, set the AMENT_CPPCHECK_ALLOW_SLOW_VERSIONS environment variable to override this.
-- run_test.py: return code 0
-- run_test.py: verify result file '/ws/ros_ws/build/robot_nav/test_results/robot_nav/cppcheck.xunit.xml'
<end of output>
Test time =   0.17 sec
----------------------------------------------------------
Test Passed.
"cppcheck" end time: May 08 06:02 UTC
"cppcheck" time elapsed: 00:00:00
----------------------------------------------------------

4/7 Testing: cpplint
4/7 Test: cpplint
Command: "/usr/bin/python3" "-u" "/opt/ros/humble/share/ament_cmake_test/cmake/run_test.py" "/ws/ros_ws/build/robot_nav/test_results/robot_nav/cpplint.xunit.xml" "--package-name" "robot_nav" "--output-file" "/ws/ros_ws/build/robot_nav/ament_cpplint/cpplint.txt" "--command" "/opt/ros/humble/bin/ament_cpplint" "--xunit-file" "/ws/ros_ws/build/robot_nav/test_results/robot_nav/cpplint.xunit.xml"
Directory: /ws/ros_ws/src/robot_nav
"cpplint" start time: May 08 06:02 UTC
Output:
----------------------------------------------------------
-- run_test.py: invoking following command in '/ws/ros_ws/src/robot_nav':
 - /opt/ros/humble/bin/ament_cpplint --xunit-file /ws/ros_ws/build/robot_nav/test_results/robot_nav/cpplint.xunit.xml
Using '--root=/ws/ros_ws/src/robot_nav/include' argument

Done processing /ws/ros_ws/src/robot_nav/include/robot_nav/location_manager.hpp

Using '--root=/ws/ros_ws/src/robot_nav/src' argument

Done processing /ws/ros_ws/src/robot_nav/src/location_manager.cpp

Done processing /ws/ros_ws/src/robot_nav/src/nav_server_node.cpp

Using '--root=/ws/ros_ws/src/robot_nav/test' argument

Done processing /ws/ros_ws/src/robot_nav/test/test_location_manager.cpp

No problems found
-- run_test.py: return code 0
-- run_test.py: verify result file '/ws/ros_ws/build/robot_nav/test_results/robot_nav/cpplint.xunit.xml'
<end of output>
Test time =   0.23 sec
----------------------------------------------------------
Test Passed.
"cpplint" end time: May 08 06:02 UTC
"cpplint" time elapsed: 00:00:00
----------------------------------------------------------

5/7 Testing: lint_cmake
5/7 Test: lint_cmake
Command: "/usr/bin/python3" "-u" "/opt/ros/humble/share/ament_cmake_test/cmake/run_test.py" "/ws/ros_ws/build/robot_nav/test_results/robot_nav/lint_cmake.xunit.xml" "--package-name" "robot_nav" "--output-file" "/ws/ros_ws/build/robot_nav/ament_lint_cmake/lint_cmake.txt" "--command" "/opt/ros/humble/bin/ament_lint_cmake" "--xunit-file" "/ws/ros_ws/build/robot_nav/test_results/robot_nav/lint_cmake.xunit.xml"
Directory: /ws/ros_ws/src/robot_nav
"lint_cmake" start time: May 08 06:02 UTC
Output:
----------------------------------------------------------
-- run_test.py: invoking following command in '/ws/ros_ws/src/robot_nav':
 - /opt/ros/humble/bin/ament_lint_cmake --xunit-file /ws/ros_ws/build/robot_nav/test_results/robot_nav/lint_cmake.xunit.xml

No problems found
-- run_test.py: return code 0
-- run_test.py: verify result file '/ws/ros_ws/build/robot_nav/test_results/robot_nav/lint_cmake.xunit.xml'
<end of output>
Test time =   0.14 sec
----------------------------------------------------------
Test Passed.
"lint_cmake" end time: May 08 06:02 UTC
"lint_cmake" time elapsed: 00:00:00
----------------------------------------------------------

6/7 Testing: uncrustify
6/7 Test: uncrustify
Command: "/usr/bin/python3" "-u" "/opt/ros/humble/share/ament_cmake_test/cmake/run_test.py" "/ws/ros_ws/build/robot_nav/test_results/robot_nav/uncrustify.xunit.xml" "--package-name" "robot_nav" "--output-file" "/ws/ros_ws/build/robot_nav/ament_uncrustify/uncrustify.txt" "--command" "/opt/ros/humble/bin/ament_uncrustify" "--xunit-file" "/ws/ros_ws/build/robot_nav/test_results/robot_nav/uncrustify.xunit.xml"
Directory: /ws/ros_ws/src/robot_nav
"uncrustify" start time: May 08 06:02 UTC
Output:
----------------------------------------------------------
-- run_test.py: invoking following command in '/ws/ros_ws/src/robot_nav':
 - /opt/ros/humble/bin/ament_uncrustify --xunit-file /ws/ros_ws/build/robot_nav/test_results/robot_nav/uncrustify.xunit.xml
No code style divergence in file 'include/robot_nav/location_manager.hpp'

No code style divergence in file 'src/location_manager.cpp'

No code style divergence in file 'src/nav_server_node.cpp'

No code style divergence in file 'test/test_location_manager.cpp'

No problems found
-- run_test.py: return code 0
-- run_test.py: verify result file '/ws/ros_ws/build/robot_nav/test_results/robot_nav/uncrustify.xunit.xml'
<end of output>
Test time =   0.17 sec
----------------------------------------------------------
Test Passed.
"uncrustify" end time: May 08 06:02 UTC
"uncrustify" time elapsed: 00:00:00
----------------------------------------------------------

7/7 Testing: xmllint
7/7 Test: xmllint
Command: "/usr/bin/python3" "-u" "/opt/ros/humble/share/ament_cmake_test/cmake/run_test.py" "/ws/ros_ws/build/robot_nav/test_results/robot_nav/xmllint.xunit.xml" "--package-name" "robot_nav" "--output-file" "/ws/ros_ws/build/robot_nav/ament_xmllint/xmllint.txt" "--command" "/opt/ros/humble/bin/ament_xmllint" "--xunit-file" "/ws/ros_ws/build/robot_nav/test_results/robot_nav/xmllint.xunit.xml"
Directory: /ws/ros_ws/src/robot_nav
"xmllint" start time: May 08 06:02 UTC
Output:
----------------------------------------------------------
-- run_test.py: invoking following command in '/ws/ros_ws/src/robot_nav':
 - /opt/ros/humble/bin/ament_xmllint --xunit-file /ws/ros_ws/build/robot_nav/test_results/robot_nav/xmllint.xunit.xml
File 'package.xml' is valid

No problems found
-- run_test.py: return code 0
-- run_test.py: verify result file '/ws/ros_ws/build/robot_nav/test_results/robot_nav/xmllint.xunit.xml'
<end of output>
Test time =   0.17 sec
----------------------------------------------------------
Test Passed.
"xmllint" end time: May 08 06:02 UTC
"xmllint" time elapsed: 00:00:00
----------------------------------------------------------

End testing: May 08 06:02 UTC

copyright =   0.25 sec*proc

cppcheck =   0.17 sec*proc

cpplint =   0.23 sec*proc

gtest =   0.14 sec*proc

lint_cmake =   0.14 sec*proc

linter =   1.13 sec*proc

uncrustify =   0.17 sec*proc

xmllint =   0.17 sec*proc

