Start testing: May 08 06:06 UTC
----------------------------------------------------------
1/7 Testing: test_nlu_parser
1/7 Test: test_nlu_parser
Command: "/usr/bin/python3" "-u" "/opt/ros/humble/share/ament_cmake_test/cmake/run_test.py" "/ws/ros_ws/build/robot_nlu/test_results/robot_nlu/test_nlu_parser.gtest.xml" "--package-name" "robot_nlu" "--output-file" "/ws/ros_ws/build/robot_nlu/ament_cmake_gtest/test_nlu_parser.txt" "--command" "/ws/ros_ws/build/robot_nlu/test_nlu_parser" "--gtest_output=xml:/ws/ros_ws/build/robot_nlu/test_results/robot_nlu/test_nlu_parser.gtest.xml"
Directory: /ws/ros_ws/build/robot_nlu
"test_nlu_parser" start time: May 08 06:06 UTC
Output:
----------------------------------------------------------
-- run_test.py: invoking following command in '/ws/ros_ws/build/robot_nlu':
 - /ws/ros_ws/build/robot_nlu/test_nlu_parser --gtest_output=xml:/ws/ros_ws/build/robot_nlu/test_results/robot_nlu/test_nlu_parser.gtest.xml
Running main() from /opt/ros/humble/src/gtest_vendor/src/gtest_main.cc
[==========] Running 2 tests from 1 test suite.
[----------] Global test environment set-up.
[----------] 2 tests from NluParser
[ RUN      ] NluParser.ParseDeliverWaterIntent
[       OK ] NluParser.ParseDeliverWaterIntent (0 ms)
[ RUN      ] NluParser.ParseStopIntent
[       OK ] NluParser.ParseStopIntent (0 ms)
[----------] 2 tests from NluParser (0 ms total)

[----------] Global test environment tear-down
[==========] 2 tests from 1 test suite ran. (0 ms total)
[  PASSED  ] 2 tests.
-- run_test.py: return code 0
-- run_test.py: inject classname prefix into gtest result file '/ws/ros_ws/build/robot_nlu/test_results/robot_nlu/test_nlu_parser.gtest.xml'
-- run_test.py: verify result file '/ws/ros_ws/build/robot_nlu/test_results/robot_nlu/test_nlu_parser.gtest.xml'
<end of output>
Test time =   0.17 sec
----------------------------------------------------------
Test Passed.
"test_nlu_parser" end time: May 08 06:06 UTC
"test_nlu_parser" time elapsed: 00:00:00
----------------------------------------------------------

2/7 Testing: copyright
2/7 Test: copyright
Command: "/usr/bin/python3" "-u" "/opt/ros/humble/share/ament_cmake_test/cmake/run_test.py" "/ws/ros_ws/build/robot_nlu/test_results/robot_nlu/copyright.xunit.xml" "--package-name" "robot_nlu" "--output-file" "/ws/ros_ws/build/robot_nlu/ament_copyright/copyright.txt" "--command" "/opt/ros/humble/bin/ament_copyright" "--xunit-file" "/ws/ros_ws/build/robot_nlu/test_results/robot_nlu/copyright.xunit.xml"
Directory: /ws/ros_ws/src/robot_nlu
"copyright" start time: May 08 06:06 UTC
Output:
----------------------------------------------------------
-- run_test.py: invoking following command in '/ws/ros_ws/src/robot_nlu':
 - /opt/ros/humble/bin/ament_copyright --xunit-file /ws/ros_ws/build/robot_nlu/test_results/robot_nlu/copyright.xunit.xml
No problems found, checked 4 files
-- run_test.py: return code 0
-- run_test.py: verify result file '/ws/ros_ws/build/robot_nlu/test_results/robot_nlu/copyright.xunit.xml'
<end of output>
Test time =   0.31 sec
----------------------------------------------------------
Test Passed.
"copyright" end time: May 08 06:06 UTC
"copyright" time elapsed: 00:00:00
----------------------------------------------------------

3/7 Testing: cppcheck
3/7 Test: cppcheck
Command: "/usr/bin/python3" "-u" "/opt/ros/humble/share/ament_cmake_test/cmake/run_test.py" "/ws/ros_ws/build/robot_nlu/test_results/robot_nlu/cppcheck.xunit.xml" "--package-name" "robot_nlu" "--output-file" "/ws/ros_ws/build/robot_nlu/ament_cppcheck/cppcheck.txt" "--command" "/opt/ros/humble/bin/ament_cppcheck" "--xunit-file" "/ws/ros_ws/build/robot_nlu/test_results/robot_nlu/cppcheck.xunit.xml" "--include_dirs" "/ws/ros_ws/src/robot_nlu/include"
Directory: /ws/ros_ws/src/robot_nlu
"cppcheck" start time: May 08 06:06 UTC
Output:
----------------------------------------------------------
-- run_test.py: invoking following command in '/ws/ros_ws/src/robot_nlu':
 - /opt/ros/humble/bin/ament_cppcheck --xunit-file /ws/ros_ws/build/robot_nlu/test_results/robot_nlu/cppcheck.xunit.xml --include_dirs /ws/ros_ws/src/robot_nlu/include
cppcheck 2.7 has known performance issues and therefore will not be used, set the AMENT_CPPCHECK_ALLOW_SLOW_VERSIONS environment variable to override this.
-- run_test.py: return code 0
-- run_test.py: verify result file '/ws/ros_ws/build/robot_nlu/test_results/robot_nlu/cppcheck.xunit.xml'
<end of output>
Test time =   0.20 sec
----------------------------------------------------------
Test Passed.
"cppcheck" end time: May 08 06:06 UTC
"cppcheck" time elapsed: 00:00:00
----------------------------------------------------------

4/7 Testing: cpplint
4/7 Test: cpplint
Command: "/usr/bin/python3" "-u" "/opt/ros/humble/share/ament_cmake_test/cmake/run_test.py" "/ws/ros_ws/build/robot_nlu/test_results/robot_nlu/cpplint.xunit.xml" "--package-name" "robot_nlu" "--output-file" "/ws/ros_ws/build/robot_nlu/ament_cpplint/cpplint.txt" "--command" "/opt/ros/humble/bin/ament_cpplint" "--xunit-file" "/ws/ros_ws/build/robot_nlu/test_results/robot_nlu/cpplint.xunit.xml"
Directory: /ws/ros_ws/src/robot_nlu
"cpplint" start time: May 08 06:06 UTC
Output:
----------------------------------------------------------
-- run_test.py: invoking following command in '/ws/ros_ws/src/robot_nlu':
 - /opt/ros/humble/bin/ament_cpplint --xunit-file /ws/ros_ws/build/robot_nlu/test_results/robot_nlu/cpplint.xunit.xml
Using '--root=/ws/ros_ws/src/robot_nlu/include' argument

Done processing /ws/ros_ws/src/robot_nlu/include/robot_nlu/nlu_parser.hpp

Using '--root=/ws/ros_ws/src/robot_nlu/src' argument

Done processing /ws/ros_ws/src/robot_nlu/src/nlu_node.cpp

Done processing /ws/ros_ws/src/robot_nlu/src/nlu_parser.cpp

Using '--root=/ws/ros_ws/src/robot_nlu/test' argument

Done processing /ws/ros_ws/src/robot_nlu/test/test_nlu_parser.cpp

No problems found
-- run_test.py: return code 0
-- run_test.py: verify result file '/ws/ros_ws/build/robot_nlu/test_results/robot_nlu/cpplint.xunit.xml'
<end of output>
Test time =   0.26 sec
----------------------------------------------------------
Test Passed.
"cpplint" end time: May 08 06:06 UTC
"cpplint" time elapsed: 00:00:00
----------------------------------------------------------

5/7 Testing: lint_cmake
5/7 Test: lint_cmake
Command: "/usr/bin/python3" "-u" "/opt/ros/humble/share/ament_cmake_test/cmake/run_test.py" "/ws/ros_ws/build/robot_nlu/test_results/robot_nlu/lint_cmake.xunit.xml" "--package-name" "robot_nlu" "--output-file" "/ws/ros_ws/build/robot_nlu/ament_lint_cmake/lint_cmake.txt" "--command" "/opt/ros/humble/bin/ament_lint_cmake" "--xunit-file" "/ws/ros_ws/build/robot_nlu/test_results/robot_nlu/lint_cmake.xunit.xml"
Directory: /ws/ros_ws/src/robot_nlu
"lint_cmake" start time: May 08 06:06 UTC
Output:
----------------------------------------------------------
-- run_test.py: invoking following command in '/ws/ros_ws/src/robot_nlu':
 - /opt/ros/humble/bin/ament_lint_cmake --xunit-file /ws/ros_ws/build/robot_nlu/test_results/robot_nlu/lint_cmake.xunit.xml

No problems found
-- run_test.py: return code 0
-- run_test.py: verify result file '/ws/ros_ws/build/robot_nlu/test_results/robot_nlu/lint_cmake.xunit.xml'
<end of output>
Test time =   0.20 sec
----------------------------------------------------------
Test Passed.
"lint_cmake" end time: May 08 06:06 UTC
"lint_cmake" time elapsed: 00:00:00
----------------------------------------------------------

6/7 Testing: uncrustify
6/7 Test: uncrustify
Command: "/usr/bin/python3" "-u" "/opt/ros/humble/share/ament_cmake_test/cmake/run_test.py" "/ws/ros_ws/build/robot_nlu/test_results/robot_nlu/uncrustify.xunit.xml" "--package-name" "robot_nlu" "--output-file" "/ws/ros_ws/build/robot_nlu/ament_uncrustify/uncrustify.txt" "--command" "/opt/ros/humble/bin/ament_uncrustify" "--xunit-file" "/ws/ros_ws/build/robot_nlu/test_results/robot_nlu/uncrustify.xunit.xml"
Directory: /ws/ros_ws/src/robot_nlu
"uncrustify" start time: May 08 06:06 UTC
Output:
----------------------------------------------------------
-- run_test.py: invoking following command in '/ws/ros_ws/src/robot_nlu':
 - /opt/ros/humble/bin/ament_uncrustify --xunit-file /ws/ros_ws/build/robot_nlu/test_results/robot_nlu/uncrustify.xunit.xml
No code style divergence in file 'include/robot_nlu/nlu_parser.hpp'

No code style divergence in file 'src/nlu_node.cpp'

No code style divergence in file 'src/nlu_parser.cpp'

No code style divergence in file 'test/test_nlu_parser.cpp'

No problems found
-- run_test.py: return code 0
-- run_test.py: verify result file '/ws/ros_ws/build/robot_nlu/test_results/robot_nlu/uncrustify.xunit.xml'
<end of output>
Test time =   0.19 sec
----------------------------------------------------------
Test Passed.
"uncrustify" end time: May 08 06:06 UTC
"uncrustify" time elapsed: 00:00:00
----------------------------------------------------------

7/7 Testing: xmllint
7/7 Test: xmllint
Command: "/usr/bin/python3" "-u" "/opt/ros/humble/share/ament_cmake_test/cmake/run_test.py" "/ws/ros_ws/build/robot_nlu/test_results/robot_nlu/xmllint.xunit.xml" "--package-name" "robot_nlu" "--output-file" "/ws/ros_ws/build/robot_nlu/ament_xmllint/xmllint.txt" "--command" "/opt/ros/humble/bin/ament_xmllint" "--xunit-file" "/ws/ros_ws/build/robot_nlu/test_results/robot_nlu/xmllint.xunit.xml"
Directory: /ws/ros_ws/src/robot_nlu
"xmllint" start time: May 08 06:06 UTC
Output:
----------------------------------------------------------
-- run_test.py: invoking following command in '/ws/ros_ws/src/robot_nlu':
 - /opt/ros/humble/bin/ament_xmllint --xunit-file /ws/ros_ws/build/robot_nlu/test_results/robot_nlu/xmllint.xunit.xml
File 'package.xml' is valid

No problems found
-- run_test.py: return code 0
-- run_test.py: verify result file '/ws/ros_ws/build/robot_nlu/test_results/robot_nlu/xmllint.xunit.xml'
<end of output>
Test time =   0.18 sec
----------------------------------------------------------
Test Passed.
"xmllint" end time: May 08 06:06 UTC
"xmllint" time elapsed: 00:00:00
----------------------------------------------------------

End testing: May 08 06:06 UTC

copyright =   0.31 sec*proc

cppcheck =   0.20 sec*proc

cpplint =   0.26 sec*proc

gtest =   0.17 sec*proc

lint_cmake =   0.20 sec*proc

linter =   1.35 sec*proc

uncrustify =   0.19 sec*proc

xmllint =   0.18 sec*proc

