<?xml version="1.0" encoding="UTF-8"?>
<Site BuildName="(empty)"
	BuildStamp="20260508-0606-Experimental"
	Name="a0e3119139a3"
	Generator="ctest-3.22.1"
	CompilerName="/usr/bin/c++"
	CompilerVersion="11.4.0"
	OSName="Linux"
	Hostname="35f211623a71"
	OSRelease="6.17.0-1010-azure"
	OSVersion="#10~24.04.1-Ubuntu SMP Fri Mar  6 22:00:57 UTC 2026"
	OSPlatform="x86_64"
	Is64Bits="1"
	VendorString="AuthenticAMD"
	VendorID="Advanced Micro Devices"
	FamilyID="25"
	ModelID="17"
	ProcessorCacheSize="1024"
	NumberOfLogicalCPU="4"
	NumberOfPhysicalCPU="2"
	TotalVirtualMemory="3071"
	TotalPhysicalMemory="15989"
	LogicalProcessorsPerPhysical="2"
	ProcessorClockFrequency="3695.26"
	>
	<Testing>
		<StartDateTime>May 08 06:06 UTC</StartDateTime>
		<StartTestTime>1778220412</StartTestTime>
		<TestList>
			<Test>./test_nlu_parser</Test>
			<Test>./copyright</Test>
			<Test>./cppcheck</Test>
			<Test>./cpplint</Test>
			<Test>./lint_cmake</Test>
			<Test>./uncrustify</Test>
			<Test>./xmllint</Test>
		</TestList>
		<Test Status="passed">
			<Name>test_nlu_parser</Name>
			<Path>.</Path>
			<FullName>./test_nlu_parser</FullName>
			<FullCommandLine>/usr/bin/python3 "-u" "/opt/ros/humble/share/ament_cmake_test/cmake/run_test.py" "/ws/ros_ws/build/robot_nlu/test_results/robot_nlu/test_nlu_parser.gtest.xml" "--package-name" "robot_nlu" "--output-file" "/ws/ros_ws/build/robot_nlu/ament_cmake_gtest/test_nlu_parser.txt" "--command" "/ws/ros_ws/build/robot_nlu/test_nlu_parser" "--gtest_output=xml:/ws/ros_ws/build/robot_nlu/test_results/robot_nlu/test_nlu_parser.gtest.xml"</FullCommandLine>
			<Results>
				<NamedMeasurement type="numeric/double" name="Execution Time">
					<Value>0.169895</Value>
				</NamedMeasurement>
				<NamedMeasurement type="numeric/double" name="Processors">
					<Value>1</Value>
				</NamedMeasurement>
				<NamedMeasurement type="text/string" name="Completion Status">
					<Value>Completed</Value>
				</NamedMeasurement>
				<NamedMeasurement type="text/string" name="Command Line">
					<Value>/usr/bin/python3 "-u" "/opt/ros/humble/share/ament_cmake_test/cmake/run_test.py" "/ws/ros_ws/build/robot_nlu/test_results/robot_nlu/test_nlu_parser.gtest.xml" "--package-name" "robot_nlu" "--output-file" "/ws/ros_ws/build/robot_nlu/ament_cmake_gtest/test_nlu_parser.txt" "--command" "/ws/ros_ws/build/robot_nlu/test_nlu_parser" "--gtest_output=xml:/ws/ros_ws/build/robot_nlu/test_results/robot_nlu/test_nlu_parser.gtest.xml"</Value>
				</NamedMeasurement>
				<NamedMeasurement type="text/string" name="Environment">
					<Value>#CTEST_RESOURCE_GROUP_COUNT=</Value>
				</NamedMeasurement>
				<Measurement>
					<Value>-- run_test.py: invoking following command in '/ws/ros_ws/build/robot_nlu':
 - /ws/ros_ws/build/robot_nlu/test_nlu_parser --gtest_output=xml:/ws/ros_ws/build/robot_nlu/test_results/robot_nlu/test_nlu_parser.gtest.xml
Running main() from /opt/ros/humble/src/gtest_vendor/src/gtest_main.cc
[==========] Running 2 tests from 1 test suite.
[----------] Global test environment set-up.
[----------] 2 tests from NluParser
[ RUN      ] NluParser.ParseDeliverWaterIntent
[       OK ] NluParser.ParseDeliverWaterIntent (0 ms)
[ RUN      ] NluParser.ParseStopIntent
[       OK ] NluParser.ParseStopIntent (0 ms)
[----------] 2 tests from NluParser (0 ms total)

[----------] Global test environment tear-down
[==========] 2 tests from 1 test suite ran. (0 ms total)
[  PASSED  ] 2 tests.
-- run_test.py: return code 0
-- run_test.py: inject classname prefix into gtest result file '/ws/ros_ws/build/robot_nlu/test_results/robot_nlu/test_nlu_parser.gtest.xml'
-- run_test.py: verify result file '/ws/ros_ws/build/robot_nlu/test_results/robot_nlu/test_nlu_parser.gtest.xml'
</Value>
				</Measurement>
			</Results>
			<Labels>
				<Label>gtest</Label>
			</Labels>
		</Test>
		<Test Status="passed">
			<Name>copyright</Name>
			<Path>.</Path>
			<FullName>./copyright</FullName>
			<FullCommandLine>/usr/bin/python3 "-u" "/opt/ros/humble/share/ament_cmake_test/cmake/run_test.py" "/ws/ros_ws/build/robot_nlu/test_results/robot_nlu/copyright.xunit.xml" "--package-name" "robot_nlu" "--output-file" "/ws/ros_ws/build/robot_nlu/ament_copyright/copyright.txt" "--command" "/opt/ros/humble/bin/ament_copyright" "--xunit-file" "/ws/ros_ws/build/robot_nlu/test_results/robot_nlu/copyright.xunit.xml"</FullCommandLine>
			<Results>
				<NamedMeasurement type="numeric/double" name="Execution Time">
					<Value>0.311161</Value>
				</NamedMeasurement>
				<NamedMeasurement type="numeric/double" name="Processors">
					<Value>1</Value>
				</NamedMeasurement>
				<NamedMeasurement type="text/string" name="Completion Status">
					<Value>Completed</Value>
				</NamedMeasurement>
				<NamedMeasurement type="text/string" name="Command Line">
					<Value>/usr/bin/python3 "-u" "/opt/ros/humble/share/ament_cmake_test/cmake/run_test.py" "/ws/ros_ws/build/robot_nlu/test_results/robot_nlu/copyright.xunit.xml" "--package-name" "robot_nlu" "--output-file" "/ws/ros_ws/build/robot_nlu/ament_copyright/copyright.txt" "--command" "/opt/ros/humble/bin/ament_copyright" "--xunit-file" "/ws/ros_ws/build/robot_nlu/test_results/robot_nlu/copyright.xunit.xml"</Value>
				</NamedMeasurement>
				<NamedMeasurement type="text/string" name="Environment">
					<Value>#CTEST_RESOURCE_GROUP_COUNT=</Value>
				</NamedMeasurement>
				<Measurement>
					<Value>-- run_test.py: invoking following command in '/ws/ros_ws/src/robot_nlu':
 - /opt/ros/humble/bin/ament_copyright --xunit-file /ws/ros_ws/build/robot_nlu/test_results/robot_nlu/copyright.xunit.xml
No problems found, checked 4 files
-- run_test.py: return code 0
-- run_test.py: verify result file '/ws/ros_ws/build/robot_nlu/test_results/robot_nlu/copyright.xunit.xml'
</Value>
				</Measurement>
			</Results>
			<Labels>
				<Label>copyright</Label>
				<Label>linter</Label>
			</Labels>
		</Test>
		<Test Status="passed">
			<Name>cppcheck</Name>
			<Path>.</Path>
			<FullName>./cppcheck</FullName>
			<FullCommandLine>/usr/bin/python3 "-u" "/opt/ros/humble/share/ament_cmake_test/cmake/run_test.py" "/ws/ros_ws/build/robot_nlu/test_results/robot_nlu/cppcheck.xunit.xml" "--package-name" "robot_nlu" "--output-file" "/ws/ros_ws/build/robot_nlu/ament_cppcheck/cppcheck.txt" "--command" "/opt/ros/humble/bin/ament_cppcheck" "--xunit-file" "/ws/ros_ws/build/robot_nlu/test_results/robot_nlu/cppcheck.xunit.xml" "--include_dirs" "/ws/ros_ws/src/robot_nlu/include"</FullCommandLine>
			<Results>
				<NamedMeasurement type="numeric/double" name="Execution Time">
					<Value>0.204345</Value>
				</NamedMeasurement>
				<NamedMeasurement type="numeric/double" name="Processors">
					<Value>1</Value>
				</NamedMeasurement>
				<NamedMeasurement type="text/string" name="Completion Status">
					<Value>Completed</Value>
				</NamedMeasurement>
				<NamedMeasurement type="text/string" name="Command Line">
					<Value>/usr/bin/python3 "-u" "/opt/ros/humble/share/ament_cmake_test/cmake/run_test.py" "/ws/ros_ws/build/robot_nlu/test_results/robot_nlu/cppcheck.xunit.xml" "--package-name" "robot_nlu" "--output-file" "/ws/ros_ws/build/robot_nlu/ament_cppcheck/cppcheck.txt" "--command" "/opt/ros/humble/bin/ament_cppcheck" "--xunit-file" "/ws/ros_ws/build/robot_nlu/test_results/robot_nlu/cppcheck.xunit.xml" "--include_dirs" "/ws/ros_ws/src/robot_nlu/include"</Value>
				</NamedMeasurement>
				<NamedMeasurement type="text/string" name="Environment">
					<Value>#CTEST_RESOURCE_GROUP_COUNT=</Value>
				</NamedMeasurement>
				<Measurement>
					<Value>-- run_test.py: invoking following command in '/ws/ros_ws/src/robot_nlu':
 - /opt/ros/humble/bin/ament_cppcheck --xunit-file /ws/ros_ws/build/robot_nlu/test_results/robot_nlu/cppcheck.xunit.xml --include_dirs /ws/ros_ws/src/robot_nlu/include
cppcheck 2.7 has known performance issues and therefore will not be used, set the AMENT_CPPCHECK_ALLOW_SLOW_VERSIONS environment variable to override this.
-- run_test.py: return code 0
-- run_test.py: verify result file '/ws/ros_ws/build/robot_nlu/test_results/robot_nlu/cppcheck.xunit.xml'
</Value>
				</Measurement>
			</Results>
			<Labels>
				<Label>cppcheck</Label>
				<Label>linter</Label>
			</Labels>
		</Test>
		<Test Status="passed">
			<Name>cpplint</Name>
			<Path>.</Path>
			<FullName>./cpplint</FullName>
			<FullCommandLine>/usr/bin/python3 "-u" "/opt/ros/humble/share/ament_cmake_test/cmake/run_test.py" "/ws/ros_ws/build/robot_nlu/test_results/robot_nlu/cpplint.xunit.xml" "--package-name" "robot_nlu" "--output-file" "/ws/ros_ws/build/robot_nlu/ament_cpplint/cpplint.txt" "--command" "/opt/ros/humble/bin/ament_cpplint" "--xunit-file" "/ws/ros_ws/build/robot_nlu/test_results/robot_nlu/cpplint.xunit.xml"</FullCommandLine>
			<Results>
				<NamedMeasurement type="numeric/double" name="Execution Time">
					<Value>0.263598</Value>
				</NamedMeasurement>
				<NamedMeasurement type="numeric/double" name="Processors">
					<Value>1</Value>
				</NamedMeasurement>
				<NamedMeasurement type="text/string" name="Completion Status">
					<Value>Completed</Value>
				</NamedMeasurement>
				<NamedMeasurement type="text/string" name="Command Line">
					<Value>/usr/bin/python3 "-u" "/opt/ros/humble/share/ament_cmake_test/cmake/run_test.py" "/ws/ros_ws/build/robot_nlu/test_results/robot_nlu/cpplint.xunit.xml" "--package-name" "robot_nlu" "--output-file" "/ws/ros_ws/build/robot_nlu/ament_cpplint/cpplint.txt" "--command" "/opt/ros/humble/bin/ament_cpplint" "--xunit-file" "/ws/ros_ws/build/robot_nlu/test_results/robot_nlu/cpplint.xunit.xml"</Value>
				</NamedMeasurement>
				<NamedMeasurement type="text/string" name="Environment">
					<Value>#CTEST_RESOURCE_GROUP_COUNT=</Value>
				</NamedMeasurement>
				<Measurement>
					<Value>-- run_test.py: invoking following command in '/ws/ros_ws/src/robot_nlu':
 - /opt/ros/humble/bin/ament_cpplint --xunit-file /ws/ros_ws/build/robot_nlu/test_results/robot_nlu/cpplint.xunit.xml
Using '--root=/ws/ros_ws/src/robot_nlu/include' argument

Done processing /ws/ros_ws/src/robot_nlu/include/robot_nlu/nlu_parser.hpp

Using '--root=/ws/ros_ws/src/robot_nlu/src' argument

Done processing /ws/ros_ws/src/robot_nlu/src/nlu_node.cpp

Done processing /ws/ros_ws/src/robot_nlu/src/nlu_parser.cpp

Using '--root=/ws/ros_ws/src/robot_nlu/test' argument

Done processing /ws/ros_ws/src/robot_nlu/test/test_nlu_parser.cpp

No problems found
-- run_test.py: return code 0
-- run_test.py: verify result file '/ws/ros_ws/build/robot_nlu/test_results/robot_nlu/cpplint.xunit.xml'
</Value>
				</Measurement>
			</Results>
			<Labels>
				<Label>cpplint</Label>
				<Label>linter</Label>
			</Labels>
		</Test>
		<Test Status="passed">
			<Name>lint_cmake</Name>
			<Path>.</Path>
			<FullName>./lint_cmake</FullName>
			<FullCommandLine>/usr/bin/python3 "-u" "/opt/ros/humble/share/ament_cmake_test/cmake/run_test.py" "/ws/ros_ws/build/robot_nlu/test_results/robot_nlu/lint_cmake.xunit.xml" "--package-name" "robot_nlu" "--output-file" "/ws/ros_ws/build/robot_nlu/ament_lint_cmake/lint_cmake.txt" "--command" "/opt/ros/humble/bin/ament_lint_cmake" "--xunit-file" "/ws/ros_ws/build/robot_nlu/test_results/robot_nlu/lint_cmake.xunit.xml"</FullCommandLine>
			<Results>
				<NamedMeasurement type="numeric/double" name="Execution Time">
					<Value>0.198928</Value>
				</NamedMeasurement>
				<NamedMeasurement type="numeric/double" name="Processors">
					<Value>1</Value>
				</NamedMeasurement>
				<NamedMeasurement type="text/string" name="Completion Status">
					<Value>Completed</Value>
				</NamedMeasurement>
				<NamedMeasurement type="text/string" name="Command Line">
					<Value>/usr/bin/python3 "-u" "/opt/ros/humble/share/ament_cmake_test/cmake/run_test.py" "/ws/ros_ws/build/robot_nlu/test_results/robot_nlu/lint_cmake.xunit.xml" "--package-name" "robot_nlu" "--output-file" "/ws/ros_ws/build/robot_nlu/ament_lint_cmake/lint_cmake.txt" "--command" "/opt/ros/humble/bin/ament_lint_cmake" "--xunit-file" "/ws/ros_ws/build/robot_nlu/test_results/robot_nlu/lint_cmake.xunit.xml"</Value>
				</NamedMeasurement>
				<NamedMeasurement type="text/string" name="Environment">
					<Value>#CTEST_RESOURCE_GROUP_COUNT=</Value>
				</NamedMeasurement>
				<Measurement>
					<Value>-- run_test.py: invoking following command in '/ws/ros_ws/src/robot_nlu':
 - /opt/ros/humble/bin/ament_lint_cmake --xunit-file /ws/ros_ws/build/robot_nlu/test_results/robot_nlu/lint_cmake.xunit.xml

No problems found
-- run_test.py: return code 0
-- run_test.py: verify result file '/ws/ros_ws/build/robot_nlu/test_results/robot_nlu/lint_cmake.xunit.xml'
</Value>
				</Measurement>
			</Results>
			<Labels>
				<Label>lint_cmake</Label>
				<Label>linter</Label>
			</Labels>
		</Test>
		<Test Status="passed">
			<Name>uncrustify</Name>
			<Path>.</Path>
			<FullName>./uncrustify</FullName>
			<FullCommandLine>/usr/bin/python3 "-u" "/opt/ros/humble/share/ament_cmake_test/cmake/run_test.py" "/ws/ros_ws/build/robot_nlu/test_results/robot_nlu/uncrustify.xunit.xml" "--package-name" "robot_nlu" "--output-file" "/ws/ros_ws/build/robot_nlu/ament_uncrustify/uncrustify.txt" "--command" "/opt/ros/humble/bin/ament_uncrustify" "--xunit-file" "/ws/ros_ws/build/robot_nlu/test_results/robot_nlu/uncrustify.xunit.xml"</FullCommandLine>
			<Results>
				<NamedMeasurement type="numeric/double" name="Execution Time">
					<Value>0.188554</Value>
				</NamedMeasurement>
				<NamedMeasurement type="numeric/double" name="Processors">
					<Value>1</Value>
				</NamedMeasurement>
				<NamedMeasurement type="text/string" name="Completion Status">
					<Value>Completed</Value>
				</NamedMeasurement>
				<NamedMeasurement type="text/string" name="Command Line">
					<Value>/usr/bin/python3 "-u" "/opt/ros/humble/share/ament_cmake_test/cmake/run_test.py" "/ws/ros_ws/build/robot_nlu/test_results/robot_nlu/uncrustify.xunit.xml" "--package-name" "robot_nlu" "--output-file" "/ws/ros_ws/build/robot_nlu/ament_uncrustify/uncrustify.txt" "--command" "/opt/ros/humble/bin/ament_uncrustify" "--xunit-file" "/ws/ros_ws/build/robot_nlu/test_results/robot_nlu/uncrustify.xunit.xml"</Value>
				</NamedMeasurement>
				<NamedMeasurement type="text/string" name="Environment">
					<Value>#CTEST_RESOURCE_GROUP_COUNT=</Value>
				</NamedMeasurement>
				<Measurement>
					<Value>-- run_test.py: invoking following command in '/ws/ros_ws/src/robot_nlu':
 - /opt/ros/humble/bin/ament_uncrustify --xunit-file /ws/ros_ws/build/robot_nlu/test_results/robot_nlu/uncrustify.xunit.xml
No code style divergence in file 'include/robot_nlu/nlu_parser.hpp'

No code style divergence in file 'src/nlu_node.cpp'

No code style divergence in file 'src/nlu_parser.cpp'

No code style divergence in file 'test/test_nlu_parser.cpp'

No problems found
-- run_test.py: return code 0
-- run_test.py: verify result file '/ws/ros_ws/build/robot_nlu/test_results/robot_nlu/uncrustify.xunit.xml'
</Value>
				</Measurement>
			</Results>
			<Labels>
				<Label>linter</Label>
				<Label>uncrustify</Label>
			</Labels>
		</Test>
		<Test Status="passed">
			<Name>xmllint</Name>
			<Path>.</Path>
			<FullName>./xmllint</FullName>
			<FullCommandLine>/usr/bin/python3 "-u" "/opt/ros/humble/share/ament_cmake_test/cmake/run_test.py" "/ws/ros_ws/build/robot_nlu/test_results/robot_nlu/xmllint.xunit.xml" "--package-name" "robot_nlu" "--output-file" "/ws/ros_ws/build/robot_nlu/ament_xmllint/xmllint.txt" "--command" "/opt/ros/humble/bin/ament_xmllint" "--xunit-file" "/ws/ros_ws/build/robot_nlu/test_results/robot_nlu/xmllint.xunit.xml"</FullCommandLine>
			<Results>
				<NamedMeasurement type="numeric/double" name="Execution Time">
					<Value>0.178807</Value>
				</NamedMeasurement>
				<NamedMeasurement type="numeric/double" name="Processors">
					<Value>1</Value>
				</NamedMeasurement>
				<NamedMeasurement type="text/string" name="Completion Status">
					<Value>Completed</Value>
				</NamedMeasurement>
				<NamedMeasurement type="text/string" name="Command Line">
					<Value>/usr/bin/python3 "-u" "/opt/ros/humble/share/ament_cmake_test/cmake/run_test.py" "/ws/ros_ws/build/robot_nlu/test_results/robot_nlu/xmllint.xunit.xml" "--package-name" "robot_nlu" "--output-file" "/ws/ros_ws/build/robot_nlu/ament_xmllint/xmllint.txt" "--command" "/opt/ros/humble/bin/ament_xmllint" "--xunit-file" "/ws/ros_ws/build/robot_nlu/test_results/robot_nlu/xmllint.xunit.xml"</Value>
				</NamedMeasurement>
				<NamedMeasurement type="text/string" name="Environment">
					<Value>#CTEST_RESOURCE_GROUP_COUNT=</Value>
				</NamedMeasurement>
				<Measurement>
					<Value>-- run_test.py: invoking following command in '/ws/ros_ws/src/robot_nlu':
 - /opt/ros/humble/bin/ament_xmllint --xunit-file /ws/ros_ws/build/robot_nlu/test_results/robot_nlu/xmllint.xunit.xml
File 'package.xml' is valid

No problems found
-- run_test.py: return code 0
-- run_test.py: verify result file '/ws/ros_ws/build/robot_nlu/test_results/robot_nlu/xmllint.xunit.xml'
</Value>
				</Measurement>
			</Results>
			<Labels>
				<Label>linter</Label>
				<Label>xmllint</Label>
			</Labels>
		</Test>
		<EndDateTime>May 08 06:06 UTC</EndDateTime>
		<EndTestTime>1778220414</EndTestTime>
		<ElapsedMinutes>0</ElapsedMinutes>
	</Testing>
</Site>
